  [1m[35m (1.9ms)[0m  [1m[34mSELECT sqlite_version(*)[0m
  [1m[35m (119.7ms)[0m  [1m[35mCREATE TABLE "schema_migrations" ("version" varchar NOT NULL PRIMARY KEY)[0m
  [1m[35m (80.7ms)[0m  [1m[35mCREATE TABLE "ar_internal_metadata" ("key" varchar NOT NULL PRIMARY KEY, "value" varchar, "created_at" datetime(6) NOT NULL, "updated_at" datetime(6) NOT NULL)[0m
  [1m[35m (0.2ms)[0m  [1m[34mSELECT "schema_migrations"."version" FROM "schema_migrations" ORDER BY "schema_migrations"."version" ASC[0m
Migrating to CreateUsers (20200213082638)
  [1m[35m (0.1ms)[0m  [1m[36mbegin transaction[0m
  [1m[35m (37.6ms)[0m  [1m[35mCREATE TABLE "users" ("id" integer PRIMARY KEY AUTOINCREMENT NOT NULL, "name" varchar, "email" varchar, "created_at" datetime(6) NOT NULL, "updated_at" datetime(6) NOT NULL)[0m
  [1m[36mActiveRecord::SchemaMigration Create (162.8ms)[0m  [1m[32mINSERT INTO "schema_migrations" ("version") VALUES (?)[0m  [["version", "20200213082638"]]
  [1m[35m (82.6ms)[0m  [1m[36mcommit transaction[0m
Migrating to AddIndexToUsersEmail (20200213083350)
  [1m[35m (0.1ms)[0m  [1m[36mbegin transaction[0m
  [1m[35m (0.2ms)[0m  [1m[35mCREATE UNIQUE INDEX "index_users_on_email" ON "users" ("email")[0m
  [1m[36mActiveRecord::SchemaMigration Create (0.2ms)[0m  [1m[32mINSERT INTO "schema_migrations" ("version") VALUES (?)[0m  [["version", "20200213083350"]]
  [1m[35m (79.7ms)[0m  [1m[36mcommit transaction[0m
Migrating to AddPasswordDigestToUsers (20200213083611)
  [1m[35m (0.1ms)[0m  [1m[36mbegin transaction[0m
  [1m[35m (0.4ms)[0m  [1m[35mALTER TABLE "users" ADD "password_digest" varchar[0m
  [1m[36mActiveRecord::SchemaMigration Create (0.2ms)[0m  [1m[32mINSERT INTO "schema_migrations" ("version") VALUES (?)[0m  [["version", "20200213083611"]]
  [1m[35m (80.0ms)[0m  [1m[36mcommit transaction[0m
Migrating to AddRememberDigestToUsers (20200214052139)
  [1m[35m (0.1ms)[0m  [1m[36mbegin transaction[0m
  [1m[35m (0.3ms)[0m  [1m[35mALTER TABLE "users" ADD "remember_digest" varchar[0m
  [1m[36mActiveRecord::SchemaMigration Create (0.2ms)[0m  [1m[32mINSERT INTO "schema_migrations" ("version") VALUES (?)[0m  [["version", "20200214052139"]]
  [1m[35m (41.2ms)[0m  [1m[36mcommit transaction[0m
Migrating to AddAdminToUsers (20200214071657)
  [1m[35m (0.1ms)[0m  [1m[36mbegin transaction[0m
  [1m[35m (0.4ms)[0m  [1m[35mALTER TABLE "users" ADD "admin" boolean DEFAULT 0[0m
  [1m[36mActiveRecord::SchemaMigration Create (162.6ms)[0m  [1m[32mINSERT INTO "schema_migrations" ("version") VALUES (?)[0m  [["version", "20200214071657"]]
  [1m[35m (41.4ms)[0m  [1m[36mcommit transaction[0m
Migrating to AddActivationToUsers (20200214074437)
  [1m[35m (0.1ms)[0m  [1m[36mbegin transaction[0m
  [1m[35m (0.3ms)[0m  [1m[35mALTER TABLE "users" ADD "activation_digest" varchar[0m
  [1m[35m (0.2ms)[0m  [1m[35mALTER TABLE "users" ADD "activated" boolean DEFAULT 0[0m
  [1m[35m (0.3ms)[0m  [1m[35mALTER TABLE "users" ADD "activated_at" datetime[0m
  [1m[36mActiveRecord::SchemaMigration Create (0.1ms)[0m  [1m[32mINSERT INTO "schema_migrations" ("version") VALUES (?)[0m  [["version", "20200214074437"]]
  [1m[35m (158.9ms)[0m  [1m[36mcommit transaction[0m
Migrating to AddResetToUsers (20200217094531)
  [1m[35m (0.1ms)[0m  [1m[36mbegin transaction[0m
  [1m[35m (118.7ms)[0m  [1m[35mALTER TABLE "users" ADD "reset_digest" varchar[0m
  [1m[35m (0.2ms)[0m  [1m[35mALTER TABLE "users" ADD "reset_sent_at" datetime[0m
  [1m[36mActiveRecord::SchemaMigration Create (0.1ms)[0m  [1m[32mINSERT INTO "schema_migrations" ("version") VALUES (?)[0m  [["version", "20200217094531"]]
  [1m[35m (41.8ms)[0m  [1m[36mcommit transaction[0m
  [1m[36mActiveRecord::InternalMetadata Load (0.2ms)[0m  [1m[34mSELECT "ar_internal_metadata".* FROM "ar_internal_metadata" WHERE "ar_internal_metadata"."key" = ? LIMIT ?[0m  [["key", "environment"], ["LIMIT", 1]]
  [1m[35m (0.1ms)[0m  [1m[36mbegin transaction[0m
  [1m[36mActiveRecord::InternalMetadata Create (199.4ms)[0m  [1m[32mINSERT INTO "ar_internal_metadata" ("key", "value", "created_at", "updated_at") VALUES (?, ?, ?, ?)[0m  [["key", "environment"], ["value", "development"], ["created_at", "2022-07-24 07:35:26.011231"], ["updated_at", "2022-07-24 07:35:26.011231"]]
  [1m[35m (41.5ms)[0m  [1m[36mcommit transaction[0m
  [1m[35m (0.1ms)[0m  [1m[34mSELECT sqlite_version(*)[0m
  [1m[35m (0.1ms)[0m  [1m[34mSELECT "schema_migrations"."version" FROM "schema_migrations" ORDER BY "schema_migrations"."version" ASC[0m
  [1m[35m (0.6ms)[0m  [1m[34mSELECT sqlite_version(*)[0m
  [1m[35m (0.1ms)[0m  [1m[34mSELECT "schema_migrations"."version" FROM "schema_migrations" ORDER BY "schema_migrations"."version" ASC[0m
  [1m[35m (0.1ms)[0m  [1m[34mSELECT sqlite_version(*)[0m
  [1m[35m (0.1ms)[0m  [1m[36mbegin transaction[0m
  [1m[36mUser Exists? (0.8ms)[0m  [1m[34mSELECT 1 AS one FROM "users" WHERE LOWER("users"."email") = LOWER(?) LIMIT ?[0m  [["email", "example@railstutorial.org"], ["LIMIT", 1]]
  [1m[36mUser Create (1.8ms)[0m  [1m[32mINSERT INTO "users" ("name", "email", "created_at", "updated_at", "password_digest", "admin", "activation_digest", "activated", "activated_at") VALUES (?, ?, ?, ?, ?, ?, ?, ?, ?)[0m  [["name", "Example User"], ["email", "example@railstutorial.org"], ["created_at", "2022-07-24 07:49:54.455858"], ["updated_at", "2022-07-24 07:49:54.455858"], ["password_digest", "$2a$12$QplhWkMcU2kqQLWDsrb0C.O818Wjla0EslYLMm1HLj.aSAprkZdkS"], ["admin", 1], ["activation_digest", "$2a$12$kmDS6vrXoWLSZExTVirg1OGAeI4Ap611/r/beWUe.p3aX7hPXU9Z2"], ["activated", 1], ["activated_at", "2022-07-24 07:49:46.389889"]]
  [1m[35m (120.7ms)[0m  [1m[36mcommit transaction[0m
  [1m[35m (0.1ms)[0m  [1m[36mbegin transaction[0m
  [1m[36mUser Exists? (0.2ms)[0m  [1m[34mSELECT 1 AS one FROM "users" WHERE LOWER("users"."email") = LOWER(?) LIMIT ?[0m  [["email", "example-1@railstutorial.org"], ["LIMIT", 1]]
  [1m[36mUser Create (38.9ms)[0m  [1m[32mINSERT INTO "users" ("name", "email", "created_at", "updated_at", "password_digest", "activation_digest", "activated", "activated_at") VALUES (?, ?, ?, ?, ?, ?, ?, ?)[0m  [["name", "Mrs. Adell Hahn"], ["email", "example-1@railstutorial.org"], ["created_at", "2022-07-24 07:50:14.560096"], ["updated_at", "2022-07-24 07:50:14.560096"], ["password_digest", "$2a$12$GqMMXdzLdTLpi2dOuEA2vuBijjygjVvOs19HAfU9OPk9iPyIg5TOS"], ["activation_digest", "$2a$12$WFkxokzoeGilIz3pL43Gd.Wt621MXrA6GZRPszsaoNZYZ5aKY/aem"], ["activated", 1], ["activated_at", "2022-07-24 07:50:07.606013"]]
  [1m[35m (203.5ms)[0m  [1m[36mcommit transaction[0m
  [1m[35m (0.1ms)[0m  [1m[36mbegin transaction[0m
  [1m[36mUser Exists? (0.2ms)[0m  [1m[34mSELECT 1 AS one FROM "users" WHERE LOWER("users"."email") = LOWER(?) LIMIT ?[0m  [["email", "example-2@railstutorial.org"], ["LIMIT", 1]]
  [1m[36mUser Create (39.6ms)[0m  [1m[32mINSERT INTO "users" ("name", "email", "created_at", "updated_at", "password_digest", "activation_digest", "activated", "activated_at") VALUES (?, ?, ?, ?, ?, ?, ?, ?)[0m  [["name", "Prof. Earle Dickens"], ["email", "example-2@railstutorial.org"], ["created_at", "2022-07-24 07:50:27.689078"], ["updated_at", "2022-07-24 07:50:27.689078"], ["password_digest", "$2a$12$tM.fafpHKk/Z4EPstkzu8O7L9zwNrLoZqiTTvUQ.WpLX65hEg.uMi"], ["activation_digest", "$2a$12$Nb8UqoIjKCoMDbk7/Dz2zuOSChBUGBg2Rp4Gt4xnXvwq5YHNFyoq."], ["activated", 1], ["activated_at", "2022-07-24 07:50:21.125846"]]
  [1m[35m (79.7ms)[0m  [1m[36mcommit transaction[0m
  [1m[35m (0.1ms)[0m  [1m[36mbegin transaction[0m
  [1m[36mUser Exists? (0.2ms)[0m  [1m[34mSELECT 1 AS one FROM "users" WHERE LOWER("users"."email") = LOWER(?) LIMIT ?[0m  [["email", "example-3@railstutorial.org"], ["LIMIT", 1]]
  [1m[36mUser Create (40.0ms)[0m  [1m[32mINSERT INTO "users" ("name", "email", "created_at", "updated_at", "password_digest", "activation_digest", "activated", "activated_at") VALUES (?, ?, ?, ?, ?, ?, ?, ?)[0m  [["name", "Pres. Sharan Hane"], ["email", "example-3@railstutorial.org"], ["created_at", "2022-07-24 07:50:40.943597"], ["updated_at", "2022-07-24 07:50:40.943597"], ["password_digest", "$2a$12$.o26EuCvGOrlQmFQzfo0x.J81j48GdDf9rzGYxTSIdEVbfKJgY88a"], ["activation_digest", "$2a$12$R6PGarll0cPssy76a3XLzuGENyRDL5c8W.UIRvXmSBaQ7ybLDJqBm"], ["activated", 1], ["activated_at", "2022-07-24 07:50:34.131903"]]
  [1m[35m (79.8ms)[0m  [1m[36mcommit transaction[0m
  [1m[35m (0.1ms)[0m  [1m[36mbegin transaction[0m
  [1m[36mUser Exists? (0.2ms)[0m  [1m[34mSELECT 1 AS one FROM "users" WHERE LOWER("users"."email") = LOWER(?) LIMIT ?[0m  [["email", "example-4@railstutorial.org"], ["LIMIT", 1]]
  [1m[36mUser Create (43.2ms)[0m  [1m[32mINSERT INTO "users" ("name", "email", "created_at", "updated_at", "password_digest", "activation_digest", "activated", "activated_at") VALUES (?, ?, ?, ?, ?, ?, ?, ?)[0m  [["name", "Brandi Schaden"], ["email", "example-4@railstutorial.org"], ["created_at", "2022-07-24 07:50:54.234672"], ["updated_at", "2022-07-24 07:50:54.234672"], ["password_digest", "$2a$12$CeLLtyDhHXNtgmfeNYVYP.D75j6eeIdpgRjduI/Hjj/P/.HJoc76."], ["activation_digest", "$2a$12$hlAwaVO7FvdGqC9RneucfemVCrg95nGK6lLLuBIFgXus7GmwzfgV."], ["activated", 1], ["activated_at", "2022-07-24 07:50:47.755272"]]
  [1m[35m (79.6ms)[0m  [1m[36mcommit transaction[0m
  [1m[35m (0.1ms)[0m  [1m[36mbegin transaction[0m
  [1m[36mUser Exists? (0.2ms)[0m  [1m[34mSELECT 1 AS one FROM "users" WHERE LOWER("users"."email") = LOWER(?) LIMIT ?[0m  [["email", "example-5@railstutorial.org"], ["LIMIT", 1]]
  [1m[36mUser Create (40.0ms)[0m  [1m[32mINSERT INTO "users" ("name", "email", "created_at", "updated_at", "password_digest", "activation_digest", "activated", "activated_at") VALUES (?, ?, ?, ?, ?, ?, ?, ?)[0m  [["name", "Angelique Stiedemann IV"], ["email", "example-5@railstutorial.org"], ["created_at", "2022-07-24 07:51:07.626625"], ["updated_at", "2022-07-24 07:51:07.626625"], ["password_digest", "$2a$12$afP2dtZFPUekR6fDvz.xa.aODrzO22X9W23UhVaLEAB.FRp/2tFo2"], ["activation_digest", "$2a$12$q1CfMg9dxVUu6I6yf9gB4.KervJOfVjFYBtWKj9fRiVPg/t.Ud7OS"], ["activated", 1], ["activated_at", "2022-07-24 07:51:00.951764"]]
  [1m[35m (124.4ms)[0m  [1m[36mcommit transaction[0m
  [1m[35m (0.1ms)[0m  [1m[36mbegin transaction[0m
  [1m[36mUser Exists? (0.2ms)[0m  [1m[34mSELECT 1 AS one FROM "users" WHERE LOWER("users"."email") = LOWER(?) LIMIT ?[0m  [["email", "example-6@railstutorial.org"], ["LIMIT", 1]]
  [1m[36mUser Create (39.2ms)[0m  [1m[32mINSERT INTO "users" ("name", "email", "created_at", "updated_at", "password_digest", "activation_digest", "activated", "activated_at") VALUES (?, ?, ?, ?, ?, ?, ?, ?)[0m  [["name", "Hugh Glover"], ["email", "example-6@railstutorial.org"], ["created_at", "2022-07-24 07:51:20.904632"], ["updated_at", "2022-07-24 07:51:20.904632"], ["password_digest", "$2a$12$EcDnHyWfzSYxUlxJMMHY6u8p9ZdR/JbEfcGBqs63iM2I2H9BYekXu"], ["activation_digest", "$2a$12$EGIdNg4N4GKqh./AdfHOEO5ldkiWfvzJDRf1XdLCQ2gtZtuTeSeIW"], ["activated", 1], ["activated_at", "2022-07-24 07:51:14.260385"]]
  [1m[35m (79.7ms)[0m  [1m[36mcommit transaction[0m
  [1m[35m (0.1ms)[0m  [1m[36mbegin transaction[0m
  [1m[36mUser Exists? (0.2ms)[0m  [1m[34mSELECT 1 AS one FROM "users" WHERE LOWER("users"."email") = LOWER(?) LIMIT ?[0m  [["email", "example-7@railstutorial.org"], ["LIMIT", 1]]
  [1m[36mUser Create (37.5ms)[0m  [1m[32mINSERT INTO "users" ("name", "email", "created_at", "updated_at", "password_digest", "activation_digest", "activated", "activated_at") VALUES (?, ?, ?, ?, ?, ?, ?, ?)[0m  [["name", "Quintin Koepp"], ["email", "example-7@railstutorial.org"], ["created_at", "2022-07-24 07:51:33.998025"], ["updated_at", "2022-07-24 07:51:33.998025"], ["password_digest", "$2a$12$CQQmXE3lmnNheDLkmH207OGw6FNzocHotWNyA9IoYuu9bCwlz3cai"], ["activation_digest", "$2a$12$86m9ZlkFKR24jgjskxt1hO8sBpjYCtoJtZ6l3fUXtnyZJ/B8IRYxG"], ["activated", 1], ["activated_at", "2022-07-24 07:51:27.351001"]]
  [1m[35m (41.0ms)[0m  [1m[36mcommit transaction[0m
  [1m[35m (0.1ms)[0m  [1m[36mbegin transaction[0m
  [1m[36mUser Exists? (0.2ms)[0m  [1m[34mSELECT 1 AS one FROM "users" WHERE LOWER("users"."email") = LOWER(?) LIMIT ?[0m  [["email", "example-8@railstutorial.org"], ["LIMIT", 1]]
  [1m[36mUser Create (40.0ms)[0m  [1m[32mINSERT INTO "users" ("name", "email", "created_at", "updated_at", "password_digest", "activation_digest", "activated", "activated_at") VALUES (?, ?, ?, ?, ?, ?, ?, ?)[0m  [["name", "Sparkle Osinski"], ["email", "example-8@railstutorial.org"], ["created_at", "2022-07-24 07:51:47.363229"], ["updated_at", "2022-07-24 07:51:47.363229"], ["password_digest", "$2a$12$qF46Xb62pi/p8tHSQU.GRurd0mjib/yo9r9wFrBduMxftZgYvMPny"], ["activation_digest", "$2a$12$J8NwYzHJH34Dha0nWTpHmOpJ/Fz3E9g4z4VTI.k5wNAdl9gHbOCLy"], ["activated", 1], ["activated_at", "2022-07-24 07:51:40.474441"]]
  [1m[35m (79.7ms)[0m  [1m[36mcommit transaction[0m
  [1m[35m (0.1ms)[0m  [1m[36mbegin transaction[0m
  [1m[36mUser Exists? (0.2ms)[0m  [1m[34mSELECT 1 AS one FROM "users" WHERE LOWER("users"."email") = LOWER(?) LIMIT ?[0m  [["email", "example-9@railstutorial.org"], ["LIMIT", 1]]
  [1m[36mUser Create (38.0ms)[0m  [1m[32mINSERT INTO "users" ("name", "email", "created_at", "updated_at", "password_digest", "activation_digest", "activated", "activated_at") VALUES (?, ?, ?, ?, ?, ?, ?, ?)[0m  [["name", "Leroy Miller"], ["email", "example-9@railstutorial.org"], ["created_at", "2022-07-24 07:52:00.602436"], ["updated_at", "2022-07-24 07:52:00.602436"], ["password_digest", "$2a$12$WGYJDpjVin3kgRSHb9bHK.YmWLqb2ndPysJTPWUXKYxXO8HIQ0CBi"], ["activation_digest", "$2a$12$U0JDIs1slgKVotvf0Dx17.QSIH9aICnq64obw5TA5YcL3M9WLlez."], ["activated", 1], ["activated_at", "2022-07-24 07:51:53.921202"]]
  [1m[35m (82.0ms)[0m  [1m[36mcommit transaction[0m
  [1m[35m (0.1ms)[0m  [1m[36mbegin transaction[0m
  [1m[36mUser Exists? (1.6ms)[0m  [1m[34mSELECT 1 AS one FROM "users" WHERE LOWER("users"."email") = LOWER(?) LIMIT ?[0m  [["email", "example-10@railstutorial.org"], ["LIMIT", 1]]
  [1m[36mUser Create (37.4ms)[0m  [1m[32mINSERT INTO "users" ("name", "email", "created_at", "updated_at", "password_digest", "activation_digest", "activated", "activated_at") VALUES (?, ?, ?, ?, ?, ?, ?, ?)[0m  [["name", "Ashlea MacGyver VM"], ["email", "example-10@railstutorial.org"], ["created_at", "2022-07-24 07:52:14.122654"], ["updated_at", "2022-07-24 07:52:14.122654"], ["password_digest", "$2a$12$UPhcyqvS.7aYb9ayCK1/MeKT0HPdZCKrebAO0.vm0MBSZFf2VPOwy"], ["activation_digest", "$2a$12$UN2O4SjAU3Edjhj5enatIOxdBm6hIopVICRNrk3H9fMk4VipfhRzy"], ["activated", 1], ["activated_at", "2022-07-24 07:52:07.402973"]]
  [1m[35m (40.8ms)[0m  [1m[36mcommit transaction[0m
  [1m[35m (0.1ms)[0m  [1m[36mbegin transaction[0m
  [1m[36mUser Exists? (0.2ms)[0m  [1m[34mSELECT 1 AS one FROM "users" WHERE LOWER("users"."email") = LOWER(?) LIMIT ?[0m  [["email", "example-11@railstutorial.org"], ["LIMIT", 1]]
  [1m[36mUser Create (37.3ms)[0m  [1m[32mINSERT INTO "users" ("name", "email", "created_at", "updated_at", "password_digest", "activation_digest", "activated", "activated_at") VALUES (?, ?, ?, ?, ?, ?, ?, ?)[0m  [["name", "Tomas Orn"], ["email", "example-11@railstutorial.org"], ["created_at", "2022-07-24 07:52:27.228942"], ["updated_at", "2022-07-24 07:52:27.228942"], ["password_digest", "$2a$12$zuwtvlSXZfb4Oevn5COKrOq8gQvyPTRVcZxuVK9WDH0RnJUIhCD9K"], ["activation_digest", "$2a$12$dPPNtAzb7sGNFjWrgzMkl.WcJ/vFgXfIlhj5xV3/vRjjDyO3FLlpe"], ["activated", 1], ["activated_at", "2022-07-24 07:52:20.643954"]]
  [1m[35m (41.0ms)[0m  [1m[36mcommit transaction[0m
  [1m[35m (0.1ms)[0m  [1m[36mbegin transaction[0m
  [1m[36mUser Exists? (0.2ms)[0m  [1m[34mSELECT 1 AS one FROM "users" WHERE LOWER("users"."email") = LOWER(?) LIMIT ?[0m  [["email", "example-12@railstutorial.org"], ["LIMIT", 1]]
  [1m[36mUser Create (37.7ms)[0m  [1m[32mINSERT INTO "users" ("name", "email", "created_at", "updated_at", "password_digest", "activation_digest", "activated", "activated_at") VALUES (?, ?, ?, ?, ?, ?, ?, ?)[0m  [["name", "Mitchell Corkery"], ["email", "example-12@railstutorial.org"], ["created_at", "2022-07-24 07:52:40.167266"], ["updated_at", "2022-07-24 07:52:40.167266"], ["password_digest", "$2a$12$6/KE9NrXOT4FXMdWRW1kQewkJ1TbeKlgDzOI30i0hErTMas7cjR4C"], ["activation_digest", "$2a$12$Y/GKtOIZQYPjQE0LyjwF/eUUNiV1G6bD5H5eI2S4cgxXVMbf6sPmW"], ["activated", 1], ["activated_at", "2022-07-24 07:52:33.660693"]]
  [1m[35m (79.8ms)[0m  [1m[36mcommit transaction[0m
  [1m[35m (0.1ms)[0m  [1m[36mbegin transaction[0m
  [1m[36mUser Exists? (0.2ms)[0m  [1m[34mSELECT 1 AS one FROM "users" WHERE LOWER("users"."email") = LOWER(?) LIMIT ?[0m  [["email", "example-13@railstutorial.org"], ["LIMIT", 1]]
  [1m[36mUser Create (37.0ms)[0m  [1m[32mINSERT INTO "users" ("name", "email", "created_at", "updated_at", "password_digest", "activation_digest", "activated", "activated_at") VALUES (?, ?, ?, ?, ?, ?, ?, ?)[0m  [["name", "Marilee Dicki"], ["email", "example-13@railstutorial.org"], ["created_at", "2022-07-24 07:52:53.729759"], ["updated_at", "2022-07-24 07:52:53.729759"], ["password_digest", "$2a$12$jfts/o8vr8XhI.oKyaso5uI1rA317ruw7IzM8H6mV4bX9mA2ViYKK"], ["activation_digest", "$2a$12$LhlC38q/OZLfuI87z7Dndevw.siA/66X.aNZuWhK6PIVaYAAAmCX6"], ["activated", 1], ["activated_at", "2022-07-24 07:52:46.968611"]]
  [1m[35m (41.5ms)[0m  [1m[36mcommit transaction[0m
  [1m[35m (0.1ms)[0m  [1m[36mbegin transaction[0m
  [1m[36mUser Exists? (0.2ms)[0m  [1m[34mSELECT 1 AS one FROM "users" WHERE LOWER("users"."email") = LOWER(?) LIMIT ?[0m  [["email", "example-14@railstutorial.org"], ["LIMIT", 1]]
  [1m[36mUser Create (37.8ms)[0m  [1m[32mINSERT INTO "users" ("name", "email", "created_at", "updated_at", "password_digest", "activation_digest", "activated", "activated_at") VALUES (?, ?, ?, ?, ?, ?, ?, ?)[0m  [["name", "Mamie Maggio PhD"], ["email", "example-14@railstutorial.org"], ["created_at", "2022-07-24 07:53:07.130694"], ["updated_at", "2022-07-24 07:53:07.130694"], ["password_digest", "$2a$12$cgGjDoPu6Q3SICUWTT1/J.VzllTwM.oAfea5vul54qLJ4uj7DpPAC"], ["activation_digest", "$2a$12$abyINEJWWZzT.W5U4209qeMIq3raqwsFcGnVVJJQqozZOSSVKh61e"], ["activated", 1], ["activated_at", "2022-07-24 07:53:00.174682"]]
  [1m[35m (79.7ms)[0m  [1m[36mcommit transaction[0m
  [1m[35m (0.1ms)[0m  [1m[36mbegin transaction[0m
  [1m[36mUser Exists? (0.2ms)[0m  [1m[34mSELECT 1 AS one FROM "users" WHERE LOWER("users"."email") = LOWER(?) LIMIT ?[0m  [["email", "example-15@railstutorial.org"], ["LIMIT", 1]]
  [1m[36mUser Create (39.3ms)[0m  [1m[32mINSERT INTO "users" ("name", "email", "created_at", "updated_at", "password_digest", "activation_digest", "activated", "activated_at") VALUES (?, ?, ?, ?, ?, ?, ?, ?)[0m  [["name", "Manual Wisozk LLD"], ["email", "example-15@railstutorial.org"], ["created_at", "2022-07-24 07:53:20.070963"], ["updated_at", "2022-07-24 07:53:20.070963"], ["password_digest", "$2a$12$W6hbZ/CuzOyz47n1Qb/nTOZyFBJq9Y/X1qj3n3ffzPPdl8bDJrs9a"], ["activation_digest", "$2a$12$SRs543oV9Q8ndLEkB7dm4uA6ZRRXikSOPyxWtiBNjvKcYJjGWYF26"], ["activated", 1], ["activated_at", "2022-07-24 07:53:13.467531"]]
  [1m[35m (124.1ms)[0m  [1m[36mcommit transaction[0m
  [1m[35m (0.1ms)[0m  [1m[36mbegin transaction[0m
  [1m[36mUser Exists? (0.2ms)[0m  [1m[34mSELECT 1 AS one FROM "users" WHERE LOWER("users"."email") = LOWER(?) LIMIT ?[0m  [["email", "example-16@railstutorial.org"], ["LIMIT", 1]]
  [1m[36mUser Create (39.9ms)[0m  [1m[32mINSERT INTO "users" ("name", "email", "created_at", "updated_at", "password_digest", "activation_digest", "activated", "activated_at") VALUES (?, ?, ?, ?, ?, ?, ?, ?)[0m  [["name", "Pres. Crissy Reichel"], ["email", "example-16@railstutorial.org"], ["created_at", "2022-07-24 07:53:33.126683"], ["updated_at", "2022-07-24 07:53:33.126683"], ["password_digest", "$2a$12$BIYa8T1HwtV7O7rG//V7t.oaCi.RccN6G.rj7RH6T9LNl1jwZ6day"], ["activation_digest", "$2a$12$kpP6hC1Wnt0Tc.IlNV7TQODgs0l9c3mNRvB7FkBFLcNA97Q.pAHZi"], ["activated", 1], ["activated_at", "2022-07-24 07:53:26.741831"]]
  [1m[35m (79.5ms)[0m  [1m[36mcommit transaction[0m
  [1m[35m (0.1ms)[0m  [1m[36mbegin transaction[0m
  [1m[36mUser Exists? (0.2ms)[0m  [1m[34mSELECT 1 AS one FROM "users" WHERE LOWER("users"."email") = LOWER(?) LIMIT ?[0m  [["email", "example-17@railstutorial.org"], ["LIMIT", 1]]
  [1m[36mUser Create (41.1ms)[0m  [1m[32mINSERT INTO "users" ("name", "email", "created_at", "updated_at", "password_digest", "activation_digest", "activated", "activated_at") VALUES (?, ?, ?, ?, ?, ?, ?, ?)[0m  [["name", "Marcos Weissnat"], ["email", "example-17@railstutorial.org"], ["created_at", "2022-07-24 07:53:46.155533"], ["updated_at", "2022-07-24 07:53:46.155533"], ["password_digest", "$2a$12$js4ssQt7WRZKmJr1eszHP.rc/.BfFFOkuRugCJKXBirhtW/ca6Duy"], ["activation_digest", "$2a$12$COCuDEw84wWkeVOnK.KBt.RzPd.4tOlFHJU0rfyZGnGlNEBEW7DOa"], ["activated", 1], ["activated_at", "2022-07-24 07:53:39.606351"]]
  [1m[35m (167.0ms)[0m  [1m[36mcommit transaction[0m
  [1m[35m (0.1ms)[0m  [1m[36mbegin transaction[0m
  [1m[36mUser Exists? (0.2ms)[0m  [1m[34mSELECT 1 AS one FROM "users" WHERE LOWER("users"."email") = LOWER(?) LIMIT ?[0m  [["email", "example-18@railstutorial.org"], ["LIMIT", 1]]
  [1m[36mUser Create (39.7ms)[0m  [1m[32mINSERT INTO "users" ("name", "email", "created_at", "updated_at", "password_digest", "activation_digest", "activated", "activated_at") VALUES (?, ?, ?, ?, ?, ?, ?, ?)[0m  [["name", "Gov. Sherise Russel"], ["email", "example-18@railstutorial.org"], ["created_at", "2022-07-24 07:53:59.443917"], ["updated_at", "2022-07-24 07:53:59.443917"], ["password_digest", "$2a$12$IQLBJmqxF75K.9GxbRa2lu3pj9S1FAu6/cr9G3GnbpkVOyOkuv8S."], ["activation_digest", "$2a$12$M1tduD0zhP187Mrr4DxMPuWc96Ee3BuMr6/RlGkRNLn.oV6dvijK6"], ["activated", 1], ["activated_at", "2022-07-24 07:53:52.923540"]]
  [1m[35m (83.6ms)[0m  [1m[36mcommit transaction[0m
  [1m[35m (0.1ms)[0m  [1m[36mbegin transaction[0m
  [1m[36mUser Exists? (0.2ms)[0m  [1m[34mSELECT 1 AS one FROM "users" WHERE LOWER("users"."email") = LOWER(?) LIMIT ?[0m  [["email", "example-19@railstutorial.org"], ["LIMIT", 1]]
  [1m[36mUser Create (38.2ms)[0m  [1m[32mINSERT INTO "users" ("name", "email", "created_at", "updated_at", "password_digest", "activation_digest", "activated", "activated_at") VALUES (?, ?, ?, ?, ?, ?, ?, ?)[0m  [["name", "Jermaine Rutherford"], ["email", "example-19@railstutorial.org"], ["created_at", "2022-07-24 07:54:12.764440"], ["updated_at", "2022-07-24 07:54:12.764440"], ["password_digest", "$2a$12$Y9W7961L52KawXinDLSroeIifwxTfezqxi25fcuEjExg5zvYaxtMG"], ["activation_digest", "$2a$12$SXbSAKEW/cAMXMG9KU4id.7g5h.T18aKQTu3c7QsnYDBvqDMU98da"], ["activated", 1], ["activated_at", "2022-07-24 07:54:06.330103"]]
  [1m[35m (42.6ms)[0m  [1m[36mcommit transaction[0m
  [1m[35m (0.1ms)[0m  [1m[36mbegin transaction[0m
  [1m[36mUser Exists? (0.2ms)[0m  [1m[34mSELECT 1 AS one FROM "users" WHERE LOWER("users"."email") = LOWER(?) LIMIT ?[0m  [["email", "example-20@railstutorial.org"], ["LIMIT", 1]]
  [1m[36mUser Create (38.7ms)[0m  [1m[32mINSERT INTO "users" ("name", "email", "created_at", "updated_at", "password_digest", "activation_digest", "activated", "activated_at") VALUES (?, ?, ?, ?, ?, ?, ?, ?)[0m  [["name", "Stefania Ferry"], ["email", "example-20@railstutorial.org"], ["created_at", "2022-07-24 07:54:26.018799"], ["updated_at", "2022-07-24 07:54:26.018799"], ["password_digest", "$2a$12$bZFVJHGCvAjpHXHCxIUz8.Z/Yjc.CfCZT39.9rB/oS2j9WBLMNAf."], ["activation_digest", "$2a$12$5wNpzXoKRV/2VR.8xdNSeO0bBjls8oYWqPSiX0DKFwtXhv8XRQ0I."], ["activated", 1], ["activated_at", "2022-07-24 07:54:19.410955"]]
  [1m[35m (41.3ms)[0m  [1m[36mcommit transaction[0m
  [1m[35m (0.1ms)[0m  [1m[36mbegin transaction[0m
  [1m[36mUser Exists? (1.5ms)[0m  [1m[34mSELECT 1 AS one FROM "users" WHERE LOWER("users"."email") = LOWER(?) LIMIT ?[0m  [["email", "example-21@railstutorial.org"], ["LIMIT", 1]]
  [1m[36mUser Create (37.2ms)[0m  [1m[32mINSERT INTO "users" ("name", "email", "created_at", "updated_at", "password_digest", "activation_digest", "activated", "activated_at") VALUES (?, ?, ?, ?, ?, ?, ?, ?)[0m  [["name", "Gus Runte"], ["email", "example-21@railstutorial.org"], ["created_at", "2022-07-24 07:54:39.830652"], ["updated_at", "2022-07-24 07:54:39.830652"], ["password_digest", "$2a$12$gKCXA20.kS2cUBjintA0c.cIyR3U3d9gWSkpQFcik.xz5rPX0T4tm"], ["activation_digest", "$2a$12$hYep14lX8FKiCZdl2CXZCOF55KweF1elVY.fsucyKS7tC9.9ObHru"], ["activated", 1], ["activated_at", "2022-07-24 07:54:32.372758"]]
  [1m[35m (41.3ms)[0m  [1m[36mcommit transaction[0m
  [1m[35m (0.1ms)[0m  [1m[36mbegin transaction[0m
  [1m[36mUser Exists? (0.2ms)[0m  [1m[34mSELECT 1 AS one FROM "users" WHERE LOWER("users"."email") = LOWER(?) LIMIT ?[0m  [["email", "example-22@railstutorial.org"], ["LIMIT", 1]]
  [1m[36mUser Create (39.0ms)[0m  [1m[32mINSERT INTO "users" ("name", "email", "created_at", "updated_at", "password_digest", "activation_digest", "activated", "activated_at") VALUES (?, ?, ?, ?, ?, ?, ?, ?)[0m  [["name", "Eura Dietrich"], ["email", "example-22@railstutorial.org"], ["created_at", "2022-07-24 07:54:52.829660"], ["updated_at", "2022-07-24 07:54:52.829660"], ["password_digest", "$2a$12$AMtMhVSnAy6zzWl8UaQ4y.HbdZ.VS1iDu7zCjOJQlKJUxj5jr0kpq"], ["activation_digest", "$2a$12$Ghc5Vo/BEBuIfFwy8Jgh1ucmJoLur1Pz7uoeMD9s1mrGlBkJT.Sx2"], ["activated", 1], ["activated_at", "2022-07-24 07:54:46.273055"]]
  [1m[35m (122.3ms)[0m  [1m[36mcommit transaction[0m
  [1m[35m (0.1ms)[0m  [1m[36mbegin transaction[0m
  [1m[36mUser Exists? (0.2ms)[0m  [1m[34mSELECT 1 AS one FROM "users" WHERE LOWER("users"."email") = LOWER(?) LIMIT ?[0m  [["email", "example-23@railstutorial.org"], ["LIMIT", 1]]
  [1m[36mUser Create (5.8ms)[0m  [1m[32mINSERT INTO "users" ("name", "email", "created_at", "updated_at", "password_digest", "activation_digest", "activated", "activated_at") VALUES (?, ?, ?, ?, ?, ?, ?, ?)[0m  [["name", "Hope Bahringer"], ["email", "example-23@railstutorial.org"], ["created_at", "2022-07-24 07:55:05.379333"], ["updated_at", "2022-07-24 07:55:05.379333"], ["password_digest", "$2a$12$961/yOCKSXj0QCbxDrMrTuhXHf46oC7wKmKTJqsiisWtSFMlAJukS"], ["activation_digest", "$2a$12$xFldGTH3hz233nekWIWdJuJEezi1YdhlCs3lmnv30FWubCaTivDBa"], ["activated", 1], ["activated_at", "2022-07-24 07:54:59.476183"]]
  [1m[35m (11.0ms)[0m  [1m[36mcommit transaction[0m
  [1m[35m (0.1ms)[0m  [1m[36mbegin transaction[0m
  [1m[36mUser Exists? (0.2ms)[0m  [1m[34mSELECT 1 AS one FROM "users" WHERE LOWER("users"."email") = LOWER(?) LIMIT ?[0m  [["email", "example-24@railstutorial.org"], ["LIMIT", 1]]
  [1m[36mUser Create (6.6ms)[0m  [1m[32mINSERT INTO "users" ("name", "email", "created_at", "updated_at", "password_digest", "activation_digest", "activated", "activated_at") VALUES (?, ?, ?, ?, ?, ?, ?, ?)[0m  [["name", "Le Ruecker"], ["email", "example-24@railstutorial.org"], ["created_at", "2022-07-24 07:55:06.621888"], ["updated_at", "2022-07-24 07:55:06.621888"], ["password_digest", "$2a$12$z9vrwvvRiFlZuLQddvWr0euGN4t0VymIaf4XYfmak8M2nT33.bggi"], ["activation_digest", "$2a$12$nnLZtFXI8xnwwCETAZ7EcO437BDpqothIl3jByFixIt7rS7.oNUKC"], ["activated", 1], ["activated_at", "2022-07-24 07:55:06.003780"]]
  [1m[35m (11.3ms)[0m  [1m[36mcommit transaction[0m
  [1m[35m (0.1ms)[0m  [1m[36mbegin transaction[0m
  [1m[36mUser Exists? (0.2ms)[0m  [1m[34mSELECT 1 AS one FROM "users" WHERE LOWER("users"."email") = LOWER(?) LIMIT ?[0m  [["email", "example-25@railstutorial.org"], ["LIMIT", 1]]
  [1m[36mUser Create (9.4ms)[0m  [1m[32mINSERT INTO "users" ("name", "email", "created_at", "updated_at", "password_digest", "activation_digest", "activated", "activated_at") VALUES (?, ?, ?, ?, ?, ?, ?, ?)[0m  [["name", "Michal Deckow"], ["email", "example-25@railstutorial.org"], ["created_at", "2022-07-24 07:55:07.869839"], ["updated_at", "2022-07-24 07:55:07.869839"], ["password_digest", "$2a$12$udw/U9DIp2DPZm04phCrIu9j2DZd3N11AS7kuOoXk3VhS7/khDKpW"], ["activation_digest", "$2a$12$lYjnGoGrPCgKjcfT1d/KFOP9gZZc2tlgOUBfys.o7tcGXIOdRxFkm"], ["activated", 1], ["activated_at", "2022-07-24 07:55:07.248227"]]
  [1m[35m (10.4ms)[0m  [1m[36mcommit transaction[0m
  [1m[35m (0.1ms)[0m  [1m[36mbegin transaction[0m
  [1m[36mUser Exists? (0.2ms)[0m  [1m[34mSELECT 1 AS one FROM "users" WHERE LOWER("users"."email") = LOWER(?) LIMIT ?[0m  [["email", "example-26@railstutorial.org"], ["LIMIT", 1]]
  [1m[36mUser Create (9.5ms)[0m  [1m[32mINSERT INTO "users" ("name", "email", "created_at", "updated_at", "password_digest", "activation_digest", "activated", "activated_at") VALUES (?, ?, ?, ?, ?, ?, ?, ?)[0m  [["name", "Nannette O'Keefe"], ["email", "example-26@railstutorial.org"], ["created_at", "2022-07-24 07:55:09.122815"], ["updated_at", "2022-07-24 07:55:09.122815"], ["password_digest", "$2a$12$va8YCWDLN4oCV5TGJqkF.eTGPqaAgcbcudq1VcXlg7XDj1QuB6l4i"], ["activation_digest", "$2a$12$epwMAjUGFC2TrPdgStbQsu28PD8GvDFdse4eOTHEJV/rEnDHlUa/O"], ["activated", 1], ["activated_at", "2022-07-24 07:55:08.499644"]]
  [1m[35m (10.2ms)[0m  [1m[36mcommit transaction[0m
  [1m[35m (0.1ms)[0m  [1m[36mbegin transaction[0m
  [1m[36mUser Exists? (0.2ms)[0m  [1m[34mSELECT 1 AS one FROM "users" WHERE LOWER("users"."email") = LOWER(?) LIMIT ?[0m  [["email", "example-27@railstutorial.org"], ["LIMIT", 1]]
  [1m[36mUser Create (12.9ms)[0m  [1m[32mINSERT INTO "users" ("name", "email", "created_at", "updated_at", "password_digest", "activation_digest", "activated", "activated_at") VALUES (?, ?, ?, ?, ?, ?, ?, ?)[0m  [["name", "Hipolito Franecki"], ["email", "example-27@railstutorial.org"], ["created_at", "2022-07-24 07:55:10.364600"], ["updated_at", "2022-07-24 07:55:10.364600"], ["password_digest", "$2a$12$HNIKy6YMiVxduvW4PRS.peOk/XU/EXpDTr2C3iE9MAXFnWGaGB6lG"], ["activation_digest", "$2a$12$QVlQausk7vSrELKq/9h5ZOuADVwrXP9qi7VMTrpatjlSS46WhDp3i"], ["activated", 1], ["activated_at", "2022-07-24 07:55:09.744165"]]
  [1m[35m (8.8ms)[0m  [1m[36mcommit transaction[0m
  [1m[35m (0.1ms)[0m  [1m[36mbegin transaction[0m
  [1m[36mUser Exists? (0.2ms)[0m  [1m[34mSELECT 1 AS one FROM "users" WHERE LOWER("users"."email") = LOWER(?) LIMIT ?[0m  [["email", "example-28@railstutorial.org"], ["LIMIT", 1]]
  [1m[36mUser Create (9.0ms)[0m  [1m[32mINSERT INTO "users" ("name", "email", "created_at", "updated_at", "password_digest", "activation_digest", "activated", "activated_at") VALUES (?, ?, ?, ?, ?, ?, ?, ?)[0m  [["name", "Joel Jones"], ["email", "example-28@railstutorial.org"], ["created_at", "2022-07-24 07:55:12.117052"], ["updated_at", "2022-07-24 07:55:12.117052"], ["password_digest", "$2a$12$q7nYqeHN6d9NzKLsbGGN5.CgQ3YI/o0ub5BV4M8C18fn9F7ACrX1K"], ["activation_digest", "$2a$12$IqUIA2V2TS8DrtdEKSy.6.PNQp9G/vBx/nuHV6e/jJN3zpxkx80r."], ["activated", 1], ["activated_at", "2022-07-24 07:55:11.235770"]]
  [1m[35m (16.2ms)[0m  [1m[36mcommit transaction[0m
  [1m[35m (0.1ms)[0m  [1m[36mbegin transaction[0m
  [1m[36mUser Exists? (0.2ms)[0m  [1m[34mSELECT 1 AS one FROM "users" WHERE LOWER("users"."email") = LOWER(?) LIMIT ?[0m  [["email", "example-29@railstutorial.org"], ["LIMIT", 1]]
  [1m[36mUser Create (7.0ms)[0m  [1m[32mINSERT INTO "users" ("name", "email", "created_at", "updated_at", "password_digest", "activation_digest", "activated", "activated_at") VALUES (?, ?, ?, ?, ?, ?, ?, ?)[0m  [["name", "Angele Bartoletti"], ["email", "example-29@railstutorial.org"], ["created_at", "2022-07-24 07:55:13.965597"], ["updated_at", "2022-07-24 07:55:13.965597"], ["password_digest", "$2a$12$00N.2HHWJ.EtN3gXwK2J.O4W0oY9/anwTz1YSz00QTxg1oKZyMudK"], ["activation_digest", "$2a$12$lgTmkwgrnX.KbiSRYSlF4.PAvSC16llfOnWnWOVRnFHi0nmMxkLKG"], ["activated", 1], ["activated_at", "2022-07-24 07:55:13.044950"]]
  [1m[35m (16.9ms)[0m  [1m[36mcommit transaction[0m
  [1m[35m (0.1ms)[0m  [1m[36mbegin transaction[0m
  [1m[36mUser Exists? (0.2ms)[0m  [1m[34mSELECT 1 AS one FROM "users" WHERE LOWER("users"."email") = LOWER(?) LIMIT ?[0m  [["email", "example-30@railstutorial.org"], ["LIMIT", 1]]
  [1m[36mUser Create (14.0ms)[0m  [1m[32mINSERT INTO "users" ("name", "email", "created_at", "updated_at", "password_digest", "activation_digest", "activated", "activated_at") VALUES (?, ?, ?, ?, ?, ?, ?, ?)[0m  [["name", "Soledad Ritchie"], ["email", "example-30@railstutorial.org"], ["created_at", "2022-07-24 07:55:16.090413"], ["updated_at", "2022-07-24 07:55:16.090413"], ["password_digest", "$2a$12$6gjh6KB2usJQCe6sEeHWBeekHf6DopuZWxseW3p5Mn8AQVkjFJkrG"], ["activation_digest", "$2a$12$P9Dvz/rqTzD5X3dKBtCZ1O8zvIby/Z2kq.1RF5ksr8KP3dOUXO.Ku"], ["activated", 1], ["activated_at", "2022-07-24 07:55:14.895773"]]
  [1m[35m (19.0ms)[0m  [1m[36mcommit transaction[0m
  [1m[35m (0.1ms)[0m  [1m[36mbegin transaction[0m
  [1m[36mUser Exists? (0.2ms)[0m  [1m[34mSELECT 1 AS one FROM "users" WHERE LOWER("users"."email") = LOWER(?) LIMIT ?[0m  [["email", "example-31@railstutorial.org"], ["LIMIT", 1]]
  [1m[36mUser Create (37.4ms)[0m  [1m[32mINSERT INTO "users" ("name", "email", "created_at", "updated_at", "password_digest", "activation_digest", "activated", "activated_at") VALUES (?, ?, ?, ?, ?, ?, ?, ?)[0m  [["name", "Charley Pacocha"], ["email", "example-31@railstutorial.org"], ["created_at", "2022-07-24 07:55:19.171031"], ["updated_at", "2022-07-24 07:55:19.171031"], ["password_digest", "$2a$12$ew29avP116AyyBqfXnMyNeNkCbf3jNDtVFlrTJTi7mQceIS4/E4y."], ["activation_digest", "$2a$12$DAkW3lSjLypexcpdDQVyP.3PmbmQatRR9rtRPfup1JYNVo3CyIb1a"], ["activated", 1], ["activated_at", "2022-07-24 07:55:17.600636"]]
  [1m[35m (46.3ms)[0m  [1m[36mcommit transaction[0m
  [1m[35m (0.1ms)[0m  [1m[36mbegin transaction[0m
  [1m[36mUser Exists? (0.2ms)[0m  [1m[34mSELECT 1 AS one FROM "users" WHERE LOWER("users"."email") = LOWER(?) LIMIT ?[0m  [["email", "example-32@railstutorial.org"], ["LIMIT", 1]]
  [1m[36mUser Create (40.0ms)[0m  [1m[32mINSERT INTO "users" ("name", "email", "created_at", "updated_at", "password_digest", "activation_digest", "activated", "activated_at") VALUES (?, ?, ?, ?, ?, ?, ?, ?)[0m  [["name", "Mayra Hagenes IV"], ["email", "example-32@railstutorial.org"], ["created_at", "2022-07-24 07:55:28.769030"], ["updated_at", "2022-07-24 07:55:28.769030"], ["password_digest", "$2a$12$KHDT5N1kpMgnFiBZxuGV8eMCvGTW9jnJT1lFbMUpVUw4UVoGTLdj2"], ["activation_digest", "$2a$12$dIbKl5AuFALOC0ZCgWcP3eGxmqI6d1N8o/flcN3pUngJ2SUmnVhsm"], ["activated", 1], ["activated_at", "2022-07-24 07:55:22.042881"]]
  [1m[35m (79.7ms)[0m  [1m[36mcommit transaction[0m
  [1m[35m (0.1ms)[0m  [1m[36mbegin transaction[0m
  [1m[36mUser Exists? (0.2ms)[0m  [1m[34mSELECT 1 AS one FROM "users" WHERE LOWER("users"."email") = LOWER(?) LIMIT ?[0m  [["email", "example-33@railstutorial.org"], ["LIMIT", 1]]
  [1m[36mUser Create (37.4ms)[0m  [1m[32mINSERT INTO "users" ("name", "email", "created_at", "updated_at", "password_digest", "activation_digest", "activated", "activated_at") VALUES (?, ?, ?, ?, ?, ?, ?, ?)[0m  [["name", "Janeth Marvin DO"], ["email", "example-33@railstutorial.org"], ["created_at", "2022-07-24 07:55:41.981369"], ["updated_at", "2022-07-24 07:55:41.981369"], ["password_digest", "$2a$12$auqGM0kpM4942VCC79yQJ.EqL2PQt52yZoNfpdF0ptUqvoOUvmduG"], ["activation_digest", "$2a$12$VD1LS/aV8S.2CYGGK2dAX.Pc3zDJZ.tjtLy68KtiGAQlmmRjdppzq"], ["activated", 1], ["activated_at", "2022-07-24 07:55:35.420041"]]
  [1m[35m (41.0ms)[0m  [1m[36mcommit transaction[0m
  [1m[35m (0.1ms)[0m  [1m[36mbegin transaction[0m
  [1m[36mUser Exists? (0.2ms)[0m  [1m[34mSELECT 1 AS one FROM "users" WHERE LOWER("users"."email") = LOWER(?) LIMIT ?[0m  [["email", "example-34@railstutorial.org"], ["LIMIT", 1]]
  [1m[36mUser Create (40.5ms)[0m  [1m[32mINSERT INTO "users" ("name", "email", "created_at", "updated_at", "password_digest", "activation_digest", "activated", "activated_at") VALUES (?, ?, ?, ?, ?, ?, ?, ?)[0m  [["name", "Bethann Brakus"], ["email", "example-34@railstutorial.org"], ["created_at", "2022-07-24 07:55:55.448613"], ["updated_at", "2022-07-24 07:55:55.448613"], ["password_digest", "$2a$12$fLCwgTIZkB4pXmUrxjYK8eplmOGkakix.PtZP9/gtdj7GWEEzrqIu"], ["activation_digest", "$2a$12$OELYV3BaIVYtzhnnYNrV3.Yq8aIYbL9obXmLJRDLlVvS2PkvyXzRC"], ["activated", 1], ["activated_at", "2022-07-24 07:55:48.690918"]]
  [1m[35m (80.8ms)[0m  [1m[36mcommit transaction[0m
  [1m[35m (0.1ms)[0m  [1m[36mbegin transaction[0m
  [1m[36mUser Exists? (0.2ms)[0m  [1m[34mSELECT 1 AS one FROM "users" WHERE LOWER("users"."email") = LOWER(?) LIMIT ?[0m  [["email", "example-35@railstutorial.org"], ["LIMIT", 1]]
  [1m[36mUser Create (40.1ms)[0m  [1m[32mINSERT INTO "users" ("name", "email", "created_at", "updated_at", "password_digest", "activation_digest", "activated", "activated_at") VALUES (?, ?, ?, ?, ?, ?, ?, ?)[0m  [["name", "Lang Jacobs"], ["email", "example-35@railstutorial.org"], ["created_at", "2022-07-24 07:56:08.940705"], ["updated_at", "2022-07-24 07:56:08.940705"], ["password_digest", "$2a$12$xVONItbffzX0fkyx5azqjuHST9sUOd1RoTbAymvOgsOdMPJLOVS0O"], ["activation_digest", "$2a$12$C2FZdA6EFQy/HDLb81hJX.IlrbftKNax.Xiq.fGGRr32kWDKM.Jxe"], ["activated", 1], ["activated_at", "2022-07-24 07:56:02.555527"]]
  [1m[35m (118.8ms)[0m  [1m[36mcommit transaction[0m
  [1m[35m (0.1ms)[0m  [1m[36mbegin transaction[0m
  [1m[36mUser Exists? (0.2ms)[0m  [1m[34mSELECT 1 AS one FROM "users" WHERE LOWER("users"."email") = LOWER(?) LIMIT ?[0m  [["email", "example-36@railstutorial.org"], ["LIMIT", 1]]
  [1m[36mUser Create (39.0ms)[0m  [1m[32mINSERT INTO "users" ("name", "email", "created_at", "updated_at", "password_digest", "activation_digest", "activated", "activated_at") VALUES (?, ?, ?, ?, ?, ?, ?, ?)[0m  [["name", "Bradford Cartwright"], ["email", "example-36@railstutorial.org"], ["created_at", "2022-07-24 07:56:22.067051"], ["updated_at", "2022-07-24 07:56:22.067051"], ["password_digest", "$2a$12$lLarJWsFLB1cvh3kydBZD.P6fUr/su5BIpkscBmPVsufLxNISj6bK"], ["activation_digest", "$2a$12$b1KhgdKM6aZ9qLalZCmmN.XEisXDuDJxCHqIlIPezznWM1IE/RjF."], ["activated", 1], ["activated_at", "2022-07-24 07:56:15.460014"]]
  [1m[35m (79.8ms)[0m  [1m[36mcommit transaction[0m
  [1m[35m (0.1ms)[0m  [1m[36mbegin transaction[0m
  [1m[36mUser Exists? (0.2ms)[0m  [1m[34mSELECT 1 AS one FROM "users" WHERE LOWER("users"."email") = LOWER(?) LIMIT ?[0m  [["email", "example-37@railstutorial.org"], ["LIMIT", 1]]
  [1m[36mUser Create (38.3ms)[0m  [1m[32mINSERT INTO "users" ("name", "email", "created_at", "updated_at", "password_digest", "activation_digest", "activated", "activated_at") VALUES (?, ?, ?, ?, ?, ?, ?, ?)[0m  [["name", "Chauncey Carter"], ["email", "example-37@railstutorial.org"], ["created_at", "2022-07-24 07:56:35.231848"], ["updated_at", "2022-07-24 07:56:35.231848"], ["password_digest", "$2a$12$AWh2TZ3cEpqHIq5tr8YSme.3cqHhFscDElySicBbpUYWLaYrYePRy"], ["activation_digest", "$2a$12$hufT8UzwnvatcPJwL33kV.0tmWXqt415JK3hczp06CcD0gm1KEPf6"], ["activated", 1], ["activated_at", "2022-07-24 07:56:28.663597"]]
  [1m[35m (79.8ms)[0m  [1m[36mcommit transaction[0m
  [1m[35m (0.1ms)[0m  [1m[36mbegin transaction[0m
  [1m[36mUser Exists? (0.2ms)[0m  [1m[34mSELECT 1 AS one FROM "users" WHERE LOWER("users"."email") = LOWER(?) LIMIT ?[0m  [["email", "example-38@railstutorial.org"], ["LIMIT", 1]]
  [1m[36mUser Create (40.3ms)[0m  [1m[32mINSERT INTO "users" ("name", "email", "created_at", "updated_at", "password_digest", "activation_digest", "activated", "activated_at") VALUES (?, ?, ?, ?, ?, ?, ?, ?)[0m  [["name", "Rutha Abshire VM"], ["email", "example-38@railstutorial.org"], ["created_at", "2022-07-24 07:56:48.075614"], ["updated_at", "2022-07-24 07:56:48.075614"], ["password_digest", "$2a$12$qboVn9OQhbHPJSiBMdZEQ.XUGTfHMqpriGZ1AoJnXi8Nv7Xz4xmUa"], ["activation_digest", "$2a$12$3RAE0fTezuMcvwY8jEJf6e89ITehN494toxw6AhojjrHGen/kbI26"], ["activated", 1], ["activated_at", "2022-07-24 07:56:41.593331"]]
  [1m[35m (79.9ms)[0m  [1m[36mcommit transaction[0m
  [1m[35m (0.1ms)[0m  [1m[36mbegin transaction[0m
  [1m[36mUser Exists? (0.2ms)[0m  [1m[34mSELECT 1 AS one FROM "users" WHERE LOWER("users"."email") = LOWER(?) LIMIT ?[0m  [["email", "example-39@railstutorial.org"], ["LIMIT", 1]]
  [1m[36mUser Create (81.4ms)[0m  [1m[32mINSERT INTO "users" ("name", "email", "created_at", "updated_at", "password_digest", "activation_digest", "activated", "activated_at") VALUES (?, ?, ?, ?, ?, ?, ?, ?)[0m  [["name", "Sana McCullough"], ["email", "example-39@railstutorial.org"], ["created_at", "2022-07-24 07:57:02.014113"], ["updated_at", "2022-07-24 07:57:02.014113"], ["password_digest", "$2a$12$0/1ylW.Wq3ZUT2XLGcZuAe58VkpN3.IkT.CQsCNYceYqqXGjavDW."], ["activation_digest", "$2a$12$i7XpPn0hQbNgvi3P7ym/dOy8LbgovItmxPZ9/jgnQ/K3Mhsg5JGSm"], ["activated", 1], ["activated_at", "2022-07-24 07:56:55.005583"]]
  [1m[35m (123.4ms)[0m  [1m[36mcommit transaction[0m
  [1m[35m (0.1ms)[0m  [1m[36mbegin transaction[0m
  [1m[36mUser Exists? (0.2ms)[0m  [1m[34mSELECT 1 AS one FROM "users" WHERE LOWER("users"."email") = LOWER(?) LIMIT ?[0m  [["email", "example-40@railstutorial.org"], ["LIMIT", 1]]
  [1m[36mUser Create (38.7ms)[0m  [1m[32mINSERT INTO "users" ("name", "email", "created_at", "updated_at", "password_digest", "activation_digest", "activated", "activated_at") VALUES (?, ?, ?, ?, ?, ?, ?, ?)[0m  [["name", "Jonathan Halvorson"], ["email", "example-40@railstutorial.org"], ["created_at", "2022-07-24 07:57:15.081681"], ["updated_at", "2022-07-24 07:57:15.081681"], ["password_digest", "$2a$12$O2nkgZVFBD4wquNvTyD.6.MF5e901IR.Cyb95oBd6SFcmidANEm2u"], ["activation_digest", "$2a$12$kUap1dxZ9DdcNGj1Qt2UAuXanOvsQPINLv7WearsGAiFWwZnFMdY."], ["activated", 1], ["activated_at", "2022-07-24 07:57:08.607539"]]
  [1m[35m (79.8ms)[0m  [1m[36mcommit transaction[0m
  [1m[35m (0.1ms)[0m  [1m[36mbegin transaction[0m
  [1m[36mUser Exists? (0.2ms)[0m  [1m[34mSELECT 1 AS one FROM "users" WHERE LOWER("users"."email") = LOWER(?) LIMIT ?[0m  [["email", "example-41@railstutorial.org"], ["LIMIT", 1]]
  [1m[36mUser Create (85.1ms)[0m  [1m[32mINSERT INTO "users" ("name", "email", "created_at", "updated_at", "password_digest", "activation_digest", "activated", "activated_at") VALUES (?, ?, ?, ?, ?, ?, ?, ?)[0m  [["name", "Emmitt Lemke"], ["email", "example-41@railstutorial.org"], ["created_at", "2022-07-24 07:57:28.234096"], ["updated_at", "2022-07-24 07:57:28.234096"], ["password_digest", "$2a$12$Ye/RXSyHoY0FBKjVbLCOE.3BBM3r0wczrrKf5bzfNeYy4Kt1Bmo0W"], ["activation_digest", "$2a$12$e01I/e77mE0NK/xMpZJeLO2RF9.AW.EJ0Prieb5xduZhGo13ee0Gm"], ["activated", 1], ["activated_at", "2022-07-24 07:57:21.635836"]]
  [1m[35m (80.2ms)[0m  [1m[36mcommit transaction[0m
  [1m[35m (0.1ms)[0m  [1m[36mbegin transaction[0m
  [1m[36mUser Exists? (77.6ms)[0m  [1m[34mSELECT 1 AS one FROM "users" WHERE LOWER("users"."email") = LOWER(?) LIMIT ?[0m  [["email", "example-42@railstutorial.org"], ["LIMIT", 1]]
  [1m[36mUser Create (39.8ms)[0m  [1m[32mINSERT INTO "users" ("name", "email", "created_at", "updated_at", "password_digest", "activation_digest", "activated", "activated_at") VALUES (?, ?, ?, ?, ?, ?, ?, ?)[0m  [["name", "Tegan O'Keefe I"], ["email", "example-42@railstutorial.org"], ["created_at", "2022-07-24 07:57:43.593606"], ["updated_at", "2022-07-24 07:57:43.593606"], ["password_digest", "$2a$12$r0jRDaqE0xwGTLDjdSeIZ.07nLoD1mz8AajJ94zksWMHA1o1Ig8gS"], ["activation_digest", "$2a$12$3TcH09u5S0wTez4KSQKR3uCZxJdnyaxU56kUBBEKKSmik1QCaS6Wi"], ["activated", 1], ["activated_at", "2022-07-24 07:57:36.911866"]]
  [1m[35m (79.6ms)[0m  [1m[36mcommit transaction[0m
  [1m[35m (0.1ms)[0m  [1m[36mbegin transaction[0m
  [1m[36mUser Exists? (0.2ms)[0m  [1m[34mSELECT 1 AS one FROM "users" WHERE LOWER("users"."email") = LOWER(?) LIMIT ?[0m  [["email", "example-43@railstutorial.org"], ["LIMIT", 1]]
  [1m[36mUser Create (39.5ms)[0m  [1m[32mINSERT INTO "users" ("name", "email", "created_at", "updated_at", "password_digest", "activation_digest", "activated", "activated_at") VALUES (?, ?, ?, ?, ?, ?, ?, ?)[0m  [["name", "Loris Bernier PhD"], ["email", "example-43@railstutorial.org"], ["created_at", "2022-07-24 07:57:57.212552"], ["updated_at", "2022-07-24 07:57:57.212552"], ["password_digest", "$2a$12$1MtumwvCFGfbwgNuYoG9zOG/dpuWRAsnc5av5cwl3NjhVL8UzDoqC"], ["activation_digest", "$2a$12$vFkxiH8TBiECDGiEGjqakuFttEVIRd2Z/sjqjvivgHPP.ZF2GVgkO"], ["activated", 1], ["activated_at", "2022-07-24 07:57:49.992118"]]
  [1m[35m (84.7ms)[0m  [1m[36mcommit transaction[0m
  [1m[35m (0.1ms)[0m  [1m[36mbegin transaction[0m
  [1m[36mUser Exists? (0.2ms)[0m  [1m[34mSELECT 1 AS one FROM "users" WHERE LOWER("users"."email") = LOWER(?) LIMIT ?[0m  [["email", "example-44@railstutorial.org"], ["LIMIT", 1]]
  [1m[36mUser Create (40.1ms)[0m  [1m[32mINSERT INTO "users" ("name", "email", "created_at", "updated_at", "password_digest", "activation_digest", "activated", "activated_at") VALUES (?, ?, ?, ?, ?, ?, ?, ?)[0m  [["name", "Roger Pollich"], ["email", "example-44@railstutorial.org"], ["created_at", "2022-07-24 07:58:10.752332"], ["updated_at", "2022-07-24 07:58:10.752332"], ["password_digest", "$2a$12$.tB5n7Z.7v9awjDGtbtjseNmALGYUpR/2mCVsftJFpwgU0FGADXRe"], ["activation_digest", "$2a$12$QpYrjzwGZTIJNeUjWjuEIuiztC/tclpR6ao8PgaHxzQszAlVrsuM2"], ["activated", 1], ["activated_at", "2022-07-24 07:58:04.238697"]]
  [1m[35m (120.4ms)[0m  [1m[36mcommit transaction[0m
  [1m[35m (0.1ms)[0m  [1m[36mbegin transaction[0m
  [1m[36mUser Exists? (0.2ms)[0m  [1m[34mSELECT 1 AS one FROM "users" WHERE LOWER("users"."email") = LOWER(?) LIMIT ?[0m  [["email", "example-45@railstutorial.org"], ["LIMIT", 1]]
  [1m[36mUser Create (39.4ms)[0m  [1m[32mINSERT INTO "users" ("name", "email", "created_at", "updated_at", "password_digest", "activation_digest", "activated", "activated_at") VALUES (?, ?, ?, ?, ?, ?, ?, ?)[0m  [["name", "Daniel Aufderhar"], ["email", "example-45@railstutorial.org"], ["created_at", "2022-07-24 07:58:23.700149"], ["updated_at", "2022-07-24 07:58:23.700149"], ["password_digest", "$2a$12$e0yrq3frYXt4BGdsY1DfkulKk0sUvsmLaZzDxn1UWm8Hkhik3hXSW"], ["activation_digest", "$2a$12$rIrH6sHq7gbn6RnhN7sEu.muciw/olQVN.VJKXVayXAVKcVM5D2Sq"], ["activated", 1], ["activated_at", "2022-07-24 07:58:17.139202"]]
  [1m[35m (79.8ms)[0m  [1m[36mcommit transaction[0m
  [1m[35m (0.1ms)[0m  [1m[36mbegin transaction[0m
  [1m[36mUser Exists? (0.2ms)[0m  [1m[34mSELECT 1 AS one FROM "users" WHERE LOWER("users"."email") = LOWER(?) LIMIT ?[0m  [["email", "example-46@railstutorial.org"], ["LIMIT", 1]]
  [1m[36mUser Create (40.2ms)[0m  [1m[32mINSERT INTO "users" ("name", "email", "created_at", "updated_at", "password_digest", "activation_digest", "activated", "activated_at") VALUES (?, ?, ?, ?, ?, ?, ?, ?)[0m  [["name", "Mirtha White"], ["email", "example-46@railstutorial.org"], ["created_at", "2022-07-24 07:58:36.900362"], ["updated_at", "2022-07-24 07:58:36.900362"], ["password_digest", "$2a$12$BTfJxZ/KHyzcq7RnRFF.2ORK4UaahWYeiPpUCBAMbXBwe/IsFwJF2"], ["activation_digest", "$2a$12$AeA2Facb1EqMJTvttiFHje02GzYpAs4//.9I8D.LZyOR51FqzjHJW"], ["activated", 1], ["activated_at", "2022-07-24 07:58:30.253001"]]
  [1m[35m (84.0ms)[0m  [1m[36mcommit transaction[0m
  [1m[35m (0.1ms)[0m  [1m[36mbegin transaction[0m
  [1m[36mUser Exists? (0.2ms)[0m  [1m[34mSELECT 1 AS one FROM "users" WHERE LOWER("users"."email") = LOWER(?) LIMIT ?[0m  [["email", "example-47@railstutorial.org"], ["LIMIT", 1]]
  [1m[36mUser Create (39.0ms)[0m  [1m[32mINSERT INTO "users" ("name", "email", "created_at", "updated_at", "password_digest", "activation_digest", "activated", "activated_at") VALUES (?, ?, ?, ?, ?, ?, ?, ?)[0m  [["name", "Donna Boyle Sr."], ["email", "example-47@railstutorial.org"], ["created_at", "2022-07-24 07:58:49.888459"], ["updated_at", "2022-07-24 07:58:49.888459"], ["password_digest", "$2a$12$lMPgwtkqkvfzqzMY2TVLqeB0NNonbLll0Gbmh5pkPnp8fkrrn8vz6"], ["activation_digest", "$2a$12$1OWFU/vBf0k66mzKzU05de/v7FMbnRy2eIuHJH8Xq4rjCiJv2t.AG"], ["activated", 1], ["activated_at", "2022-07-24 07:58:43.454054"]]
  [1m[35m (81.2ms)[0m  [1m[36mcommit transaction[0m
  [1m[35m (0.1ms)[0m  [1m[36mbegin transaction[0m
  [1m[36mUser Exists? (0.2ms)[0m  [1m[34mSELECT 1 AS one FROM "users" WHERE LOWER("users"."email") = LOWER(?) LIMIT ?[0m  [["email", "example-48@railstutorial.org"], ["LIMIT", 1]]
  [1m[36mUser Create (37.9ms)[0m  [1m[32mINSERT INTO "users" ("name", "email", "created_at", "updated_at", "password_digest", "activation_digest", "activated", "activated_at") VALUES (?, ?, ?, ?, ?, ?, ?, ?)[0m  [["name", "Bob Walsh"], ["email", "example-48@railstutorial.org"], ["created_at", "2022-07-24 07:59:03.265337"], ["updated_at", "2022-07-24 07:59:03.265337"], ["password_digest", "$2a$12$oQANMADxlPL8nzeky1MiIu8yS9AcjQcQJGDwRj2Gy1JREFzH5OA1S"], ["activation_digest", "$2a$12$1GmqHA.wXK..19JURK0w.ubVYmY9Sz0qH2qZP86peiGDx3sH.jcmS"], ["activated", 1], ["activated_at", "2022-07-24 07:58:56.476177"]]
  [1m[35m (79.9ms)[0m  [1m[36mcommit transaction[0m
  [1m[35m (0.1ms)[0m  [1m[36mbegin transaction[0m
  [1m[36mUser Exists? (0.2ms)[0m  [1m[34mSELECT 1 AS one FROM "users" WHERE LOWER("users"."email") = LOWER(?) LIMIT ?[0m  [["email", "example-49@railstutorial.org"], ["LIMIT", 1]]
  [1m[36mUser Create (39.0ms)[0m  [1m[32mINSERT INTO "users" ("name", "email", "created_at", "updated_at", "password_digest", "activation_digest", "activated", "activated_at") VALUES (?, ?, ?, ?, ?, ?, ?, ?)[0m  [["name", "Dorris Shanahan"], ["email", "example-49@railstutorial.org"], ["created_at", "2022-07-24 07:59:16.261732"], ["updated_at", "2022-07-24 07:59:16.261732"], ["password_digest", "$2a$12$NZyGm5MUW7749YCaqAqM3eyzaV2EWN1Oqa8ksy3jGx5D2ydTIg8Ge"], ["activation_digest", "$2a$12$JM62g4plx1nU/ACqb7NDaOx036Bhjva320KLtNRlcW4yEbEgAbY1a"], ["activated", 1], ["activated_at", "2022-07-24 07:59:09.662201"]]
  [1m[35m (79.9ms)[0m  [1m[36mcommit transaction[0m
  [1m[35m (0.1ms)[0m  [1m[36mbegin transaction[0m
  [1m[36mUser Exists? (0.2ms)[0m  [1m[34mSELECT 1 AS one FROM "users" WHERE LOWER("users"."email") = LOWER(?) LIMIT ?[0m  [["email", "example-50@railstutorial.org"], ["LIMIT", 1]]
  [1m[36mUser Create (39.3ms)[0m  [1m[32mINSERT INTO "users" ("name", "email", "created_at", "updated_at", "password_digest", "activation_digest", "activated", "activated_at") VALUES (?, ?, ?, ?, ?, ?, ?, ?)[0m  [["name", "Mrs. Jules Tremblay"], ["email", "example-50@railstutorial.org"], ["created_at", "2022-07-24 07:59:29.171972"], ["updated_at", "2022-07-24 07:59:29.171972"], ["password_digest", "$2a$12$2x148WTfwGElnKA4tb3j6eo3JlGpBi/dO8XpTvPGGvRrqByK83Cfy"], ["activation_digest", "$2a$12$0fhlNjaBA9DK6kbNiROSfuK1Vl82oqgmZ7FKNP7twHV/qZvwCzYZC"], ["activated", 1], ["activated_at", "2022-07-24 07:59:22.576152"]]
  [1m[35m (120.2ms)[0m  [1m[36mcommit transaction[0m
  [1m[35m (0.1ms)[0m  [1m[36mbegin transaction[0m
  [1m[36mUser Exists? (0.2ms)[0m  [1m[34mSELECT 1 AS one FROM "users" WHERE LOWER("users"."email") = LOWER(?) LIMIT ?[0m  [["email", "example-51@railstutorial.org"], ["LIMIT", 1]]
  [1m[36mUser Create (37.6ms)[0m  [1m[32mINSERT INTO "users" ("name", "email", "created_at", "updated_at", "password_digest", "activation_digest", "activated", "activated_at") VALUES (?, ?, ?, ?, ?, ?, ?, ?)[0m  [["name", "Carolann Lowe"], ["email", "example-51@railstutorial.org"], ["created_at", "2022-07-24 07:59:42.481804"], ["updated_at", "2022-07-24 07:59:42.481804"], ["password_digest", "$2a$12$0r3dqWyl3QhGGY37Qn7s2eKfWkL4kZcpc2DPLxeAX87Wgg0g3VbqC"], ["activation_digest", "$2a$12$56PzP1gmjekXt4j5X7PjNO3duqU28WzPPQyh2M5.phXOr/lMAQWoO"], ["activated", 1], ["activated_at", "2022-07-24 07:59:35.964375"]]
  [1m[35m (41.0ms)[0m  [1m[36mcommit transaction[0m
  [1m[35m (0.1ms)[0m  [1m[36mbegin transaction[0m
  [1m[36mUser Exists? (0.2ms)[0m  [1m[34mSELECT 1 AS one FROM "users" WHERE LOWER("users"."email") = LOWER(?) LIMIT ?[0m  [["email", "example-52@railstutorial.org"], ["LIMIT", 1]]
  [1m[36mUser Create (58.0ms)[0m  [1m[32mINSERT INTO "users" ("name", "email", "created_at", "updated_at", "password_digest", "activation_digest", "activated", "activated_at") VALUES (?, ?, ?, ?, ?, ?, ?, ?)[0m  [["name", "Gordon O'Keefe"], ["email", "example-52@railstutorial.org"], ["created_at", "2022-07-24 07:59:55.481502"], ["updated_at", "2022-07-24 07:59:55.481502"], ["password_digest", "$2a$12$.a6tJIvnIwd4fRJvQo..zuhrUEkLHCP4vW9D0Paq/T0kdGSUIkfge"], ["activation_digest", "$2a$12$JCcQlcNXIJHeqiPS40EMuuED0.mNsq0pye0txbyOR.cj8wAvC9enC"], ["activated", 1], ["activated_at", "2022-07-24 07:59:48.960567"]]
  [1m[35m (101.6ms)[0m  [1m[36mcommit transaction[0m
  [1m[35m (0.1ms)[0m  [1m[36mbegin transaction[0m
  [1m[36mUser Exists? (0.2ms)[0m  [1m[34mSELECT 1 AS one FROM "users" WHERE LOWER("users"."email") = LOWER(?) LIMIT ?[0m  [["email", "example-53@railstutorial.org"], ["LIMIT", 1]]
  [1m[36mUser Create (38.1ms)[0m  [1m[32mINSERT INTO "users" ("name", "email", "created_at", "updated_at", "password_digest", "activation_digest", "activated", "activated_at") VALUES (?, ?, ?, ?, ?, ?, ?, ?)[0m  [["name", "Prince Trantow"], ["email", "example-53@railstutorial.org"], ["created_at", "2022-07-24 08:00:09.175683"], ["updated_at", "2022-07-24 08:00:09.175683"], ["password_digest", "$2a$12$/5jKIuRDHNL9qrOn.Vu...EwlHQKAUvjPmgwU7kv1OgQaMDVT0vUu"], ["activation_digest", "$2a$12$R1EhX4ylhy490bKY43anRuVf8Jt85jIu5S3QAYQH7JiinAUAj99JK"], ["activated", 1], ["activated_at", "2022-07-24 08:00:02.412591"]]
  [1m[35m (118.4ms)[0m  [1m[36mcommit transaction[0m
  [1m[35m (0.1ms)[0m  [1m[36mbegin transaction[0m
  [1m[36mUser Exists? (0.2ms)[0m  [1m[34mSELECT 1 AS one FROM "users" WHERE LOWER("users"."email") = LOWER(?) LIMIT ?[0m  [["email", "example-54@railstutorial.org"], ["LIMIT", 1]]
  [1m[36mUser Create (42.6ms)[0m  [1m[32mINSERT INTO "users" ("name", "email", "created_at", "updated_at", "password_digest", "activation_digest", "activated", "activated_at") VALUES (?, ?, ?, ?, ?, ?, ?, ?)[0m  [["name", "Sen. Anette Weber"], ["email", "example-54@railstutorial.org"], ["created_at", "2022-07-24 08:00:22.167406"], ["updated_at", "2022-07-24 08:00:22.167406"], ["password_digest", "$2a$12$PBbCKvlw1AckHtdOFfeu5uu6FbjJF7CQXw9L1x.2YaeRs3pK.VVqG"], ["activation_digest", "$2a$12$CEM/CeKCnkljH89emUYNbeiCx4RXz0F43yHQkKAapeK0I10bPprPa"], ["activated", 1], ["activated_at", "2022-07-24 08:00:15.607730"]]
  [1m[35m (79.9ms)[0m  [1m[36mcommit transaction[0m
  [1m[35m (0.1ms)[0m  [1m[36mbegin transaction[0m
  [1m[36mUser Exists? (0.2ms)[0m  [1m[34mSELECT 1 AS one FROM "users" WHERE LOWER("users"."email") = LOWER(?) LIMIT ?[0m  [["email", "example-55@railstutorial.org"], ["LIMIT", 1]]
  [1m[36mUser Create (38.8ms)[0m  [1m[32mINSERT INTO "users" ("name", "email", "created_at", "updated_at", "password_digest", "activation_digest", "activated", "activated_at") VALUES (?, ?, ?, ?, ?, ?, ?, ?)[0m  [["name", "Noel Farrell"], ["email", "example-55@railstutorial.org"], ["created_at", "2022-07-24 08:00:35.826224"], ["updated_at", "2022-07-24 08:00:35.826224"], ["password_digest", "$2a$12$mKRJh/agiQZNrL5q0uwaDOBTHvaFh8Lw75heUCIS6d/84uVx3rRNi"], ["activation_digest", "$2a$12$duUe.3DTH6YDM52WpZXE7u7tNsvrfuIzsk1.v5lbxnx1.oq4mur/y"], ["activated", 1], ["activated_at", "2022-07-24 08:00:28.685875"]]
  [1m[35m (79.6ms)[0m  [1m[36mcommit transaction[0m
  [1m[35m (0.1ms)[0m  [1m[36mbegin transaction[0m
  [1m[36mUser Exists? (0.2ms)[0m  [1m[34mSELECT 1 AS one FROM "users" WHERE LOWER("users"."email") = LOWER(?) LIMIT ?[0m  [["email", "example-56@railstutorial.org"], ["LIMIT", 1]]
  [1m[36mUser Create (39.7ms)[0m  [1m[32mINSERT INTO "users" ("name", "email", "created_at", "updated_at", "password_digest", "activation_digest", "activated", "activated_at") VALUES (?, ?, ?, ?, ?, ?, ?, ?)[0m  [["name", "Isabel Dicki"], ["email", "example-56@railstutorial.org"], ["created_at", "2022-07-24 08:00:48.808034"], ["updated_at", "2022-07-24 08:00:48.808034"], ["password_digest", "$2a$12$PP9NkKklmajRxU3v0KGhfOXlov9o/8c57fDBA2ljQxXAoBKmLau.2"], ["activation_digest", "$2a$12$F5JkIZXxofCvLSOT/98qJOGDOm3nzPztTSAroELH0q9mfbe2DNWYu"], ["activated", 1], ["activated_at", "2022-07-24 08:00:42.179383"]]
  [1m[35m (83.9ms)[0m  [1m[36mcommit transaction[0m
  [1m[35m (0.1ms)[0m  [1m[36mbegin transaction[0m
  [1m[36mUser Exists? (0.2ms)[0m  [1m[34mSELECT 1 AS one FROM "users" WHERE LOWER("users"."email") = LOWER(?) LIMIT ?[0m  [["email", "example-57@railstutorial.org"], ["LIMIT", 1]]
  [1m[36mUser Create (43.0ms)[0m  [1m[32mINSERT INTO "users" ("name", "email", "created_at", "updated_at", "password_digest", "activation_digest", "activated", "activated_at") VALUES (?, ?, ?, ?, ?, ?, ?, ?)[0m  [["name", "Roman Towne"], ["email", "example-57@railstutorial.org"], ["created_at", "2022-07-24 08:01:02.356811"], ["updated_at", "2022-07-24 08:01:02.356811"], ["password_digest", "$2a$12$oUvjZ8bFBxiEPi1y6WHe5u9xyMU5Xsyy9yGTQMy22zp.iOkFciXHK"], ["activation_digest", "$2a$12$3ExjVBsMqDWU4USbqa5PIubXYWeKZ25Sru8O3apx3kt3xq.YNJO.a"], ["activated", 1], ["activated_at", "2022-07-24 08:00:55.404131"]]
  [1m[35m (79.7ms)[0m  [1m[36mcommit transaction[0m
  [1m[35m (0.1ms)[0m  [1m[36mbegin transaction[0m
  [1m[36mUser Exists? (0.2ms)[0m  [1m[34mSELECT 1 AS one FROM "users" WHERE LOWER("users"."email") = LOWER(?) LIMIT ?[0m  [["email", "example-58@railstutorial.org"], ["LIMIT", 1]]
  [1m[36mUser Create (3.4ms)[0m  [1m[32mINSERT INTO "users" ("name", "email", "created_at", "updated_at", "password_digest", "activation_digest", "activated", "activated_at") VALUES (?, ?, ?, ?, ?, ?, ?, ?)[0m  [["name", "Lexie Flatley"], ["email", "example-58@railstutorial.org"], ["created_at", "2022-07-24 08:01:15.419009"], ["updated_at", "2022-07-24 08:01:15.419009"], ["password_digest", "$2a$12$/yd1KwkvTNjpvxIpBnoAzOBGj9hA9aJ2rke.jwUURkv.oPkepiIY6"], ["activation_digest", "$2a$12$ABFstcI/tIANge1YLizHJewwaWsLNWJYfh/RqtHsiC28yWVvOo/ee"], ["activated", 1], ["activated_at", "2022-07-24 08:01:09.112314"]]
  [1m[35m (79.9ms)[0m  [1m[36mcommit transaction[0m
  [1m[35m (0.1ms)[0m  [1m[36mbegin transaction[0m
  [1m[36mUser Exists? (0.2ms)[0m  [1m[34mSELECT 1 AS one FROM "users" WHERE LOWER("users"."email") = LOWER(?) LIMIT ?[0m  [["email", "example-59@railstutorial.org"], ["LIMIT", 1]]
  [1m[36mUser Create (35.2ms)[0m  [1m[32mINSERT INTO "users" ("name", "email", "created_at", "updated_at", "password_digest", "activation_digest", "activated", "activated_at") VALUES (?, ?, ?, ?, ?, ?, ?, ?)[0m  [["name", "Micheal Deckow"], ["email", "example-59@railstutorial.org"], ["created_at", "2022-07-24 08:01:28.661378"], ["updated_at", "2022-07-24 08:01:28.661378"], ["password_digest", "$2a$12$c9/3nW1mMu2PBDXYFCAwiORLjQuB.voGmz9/XPySB9d9QwJGnBucW"], ["activation_digest", "$2a$12$HZmY9tYD5S2cusug6p3q6eUbgqMbJk2ts1.TuhWKTeKPRtJA7iXeK"], ["activated", 1], ["activated_at", "2022-07-24 08:01:21.811376"]]
  [1m[35m (122.3ms)[0m  [1m[36mcommit transaction[0m
  [1m[35m (0.1ms)[0m  [1m[36mbegin transaction[0m
  [1m[36mUser Exists? (0.2ms)[0m  [1m[34mSELECT 1 AS one FROM "users" WHERE LOWER("users"."email") = LOWER(?) LIMIT ?[0m  [["email", "example-60@railstutorial.org"], ["LIMIT", 1]]
  [1m[36mUser Create (40.3ms)[0m  [1m[32mINSERT INTO "users" ("name", "email", "created_at", "updated_at", "password_digest", "activation_digest", "activated", "activated_at") VALUES (?, ?, ?, ?, ?, ?, ?, ?)[0m  [["name", "Isaac O'Reilly"], ["email", "example-60@railstutorial.org"], ["created_at", "2022-07-24 08:01:42.027213"], ["updated_at", "2022-07-24 08:01:42.027213"], ["password_digest", "$2a$12$i9SxpD0ODiAP3fgi1cIqbOkG.P4QvI5rq6QRGVm2ZBsCWWKfgwLFi"], ["activation_digest", "$2a$12$DzcNXgMbDf2Vxsby45U5CerOlwqh22fRKQubR9uo/rcKSrjRlBbYG"], ["activated", 1], ["activated_at", "2022-07-24 08:01:35.142353"]]
  [1m[35m (79.8ms)[0m  [1m[36mcommit transaction[0m
  [1m[35m (0.1ms)[0m  [1m[36mbegin transaction[0m
  [1m[36mUser Exists? (0.2ms)[0m  [1m[34mSELECT 1 AS one FROM "users" WHERE LOWER("users"."email") = LOWER(?) LIMIT ?[0m  [["email", "example-61@railstutorial.org"], ["LIMIT", 1]]
  [1m[36mUser Create (44.0ms)[0m  [1m[32mINSERT INTO "users" ("name", "email", "created_at", "updated_at", "password_digest", "activation_digest", "activated", "activated_at") VALUES (?, ?, ?, ?, ?, ?, ?, ?)[0m  [["name", "Danae Jacobson"], ["email", "example-61@railstutorial.org"], ["created_at", "2022-07-24 08:01:54.917751"], ["updated_at", "2022-07-24 08:01:54.917751"], ["password_digest", "$2a$12$C7e9aawQqKCtGZtC9R977etEomZ1UElcBL5NfQaWEf9ayz65xWGFe"], ["activation_digest", "$2a$12$6FrS7I5O70e1er3Iq1d.yOwJZc2Qn4tR7M0PQD4KozUZDlQOk61A2"], ["activated", 1], ["activated_at", "2022-07-24 08:01:48.353279"]]
  [1m[35m (79.6ms)[0m  [1m[36mcommit transaction[0m
  [1m[35m (0.1ms)[0m  [1m[36mbegin transaction[0m
  [1m[36mUser Exists? (0.2ms)[0m  [1m[34mSELECT 1 AS one FROM "users" WHERE LOWER("users"."email") = LOWER(?) LIMIT ?[0m  [["email", "example-62@railstutorial.org"], ["LIMIT", 1]]
  [1m[36mUser Create (37.2ms)[0m  [1m[32mINSERT INTO "users" ("name", "email", "created_at", "updated_at", "password_digest", "activation_digest", "activated", "activated_at") VALUES (?, ?, ?, ?, ?, ?, ?, ?)[0m  [["name", "Heriberto Predovic"], ["email", "example-62@railstutorial.org"], ["created_at", "2022-07-24 08:02:08.476370"], ["updated_at", "2022-07-24 08:02:08.476370"], ["password_digest", "$2a$12$AM7ed4cfStl2TwXTAEcjYOcKX9IJLqp9j0HwQH3Npu2qT1NBiHvny"], ["activation_digest", "$2a$12$hptqTmuYI/ss3HXlwhoDjev2NZrbYAkSJYzyTWCUSxPpSiLe2gvQ6"], ["activated", 1], ["activated_at", "2022-07-24 08:02:01.523796"]]
  [1m[35m (83.8ms)[0m  [1m[36mcommit transaction[0m
  [1m[35m (0.1ms)[0m  [1m[36mbegin transaction[0m
  [1m[36mUser Exists? (0.2ms)[0m  [1m[34mSELECT 1 AS one FROM "users" WHERE LOWER("users"."email") = LOWER(?) LIMIT ?[0m  [["email", "example-63@railstutorial.org"], ["LIMIT", 1]]
  [1m[36mUser Create (39.9ms)[0m  [1m[32mINSERT INTO "users" ("name", "email", "created_at", "updated_at", "password_digest", "activation_digest", "activated", "activated_at") VALUES (?, ?, ?, ?, ?, ?, ?, ?)[0m  [["name", "Patience Parisian"], ["email", "example-63@railstutorial.org"], ["created_at", "2022-07-24 08:02:21.409530"], ["updated_at", "2022-07-24 08:02:21.409530"], ["password_digest", "$2a$12$3HKXgWPFNpICsR7VDk4fruy6KoTqVLfIPyMHhADN13xeiU4/srpYi"], ["activation_digest", "$2a$12$39clhSIDK1S0qzPx3dxGq.7rtKRjAZrzDmx0DzNr7AWW39RXfTJ3O"], ["activated", 1], ["activated_at", "2022-07-24 08:02:14.976731"]]
  [1m[35m (79.9ms)[0m  [1m[36mcommit transaction[0m
  [1m[35m (0.1ms)[0m  [1m[36mbegin transaction[0m
  [1m[36mUser Exists? (0.2ms)[0m  [1m[34mSELECT 1 AS one FROM "users" WHERE LOWER("users"."email") = LOWER(?) LIMIT ?[0m  [["email", "example-64@railstutorial.org"], ["LIMIT", 1]]
  [1m[36mUser Create (38.3ms)[0m  [1m[32mINSERT INTO "users" ("name", "email", "created_at", "updated_at", "password_digest", "activation_digest", "activated", "activated_at") VALUES (?, ?, ?, ?, ?, ?, ?, ?)[0m  [["name", "Jayne Ward"], ["email", "example-64@railstutorial.org"], ["created_at", "2022-07-24 08:02:34.389166"], ["updated_at", "2022-07-24 08:02:34.389166"], ["password_digest", "$2a$12$EsSTSs.YR5.6ZSkcWYmk/OxFOsLImH2.QIMwwGhpIX8K02d.qysdW"], ["activation_digest", "$2a$12$5CIWsgZimuHUnA5YxgJdL.PgJ.QkGI1Y.TipLHJ7LvaJGVdcHwIUe"], ["activated", 1], ["activated_at", "2022-07-24 08:02:27.797188"]]
  [1m[35m (79.8ms)[0m  [1m[36mcommit transaction[0m
  [1m[35m (0.1ms)[0m  [1m[36mbegin transaction[0m
  [1m[36mUser Exists? (0.2ms)[0m  [1m[34mSELECT 1 AS one FROM "users" WHERE LOWER("users"."email") = LOWER(?) LIMIT ?[0m  [["email", "example-65@railstutorial.org"], ["LIMIT", 1]]
  [1m[36mUser Create (38.7ms)[0m  [1m[32mINSERT INTO "users" ("name", "email", "created_at", "updated_at", "password_digest", "activation_digest", "activated", "activated_at") VALUES (?, ?, ?, ?, ?, ?, ?, ?)[0m  [["name", "Reinaldo White LLD"], ["email", "example-65@railstutorial.org"], ["created_at", "2022-07-24 08:02:47.581413"], ["updated_at", "2022-07-24 08:02:47.581413"], ["password_digest", "$2a$12$NYeXYV1tL53P9yuPR039.Oe1Ctc/Cwlw3XWK67g4s/g8TQQr1W0dC"], ["activation_digest", "$2a$12$PnRfvXOOokoGkYs6YH952ODog6R14vqjOvA2soPK7E0UjWNR388PK"], ["activated", 1], ["activated_at", "2022-07-24 08:02:41.028009"]]
  [1m[35m (45.2ms)[0m  [1m[36mcommit transaction[0m
  [1m[35m (0.1ms)[0m  [1m[36mbegin transaction[0m
  [1m[36mUser Exists? (0.2ms)[0m  [1m[34mSELECT 1 AS one FROM "users" WHERE LOWER("users"."email") = LOWER(?) LIMIT ?[0m  [["email", "example-66@railstutorial.org"], ["LIMIT", 1]]
  [1m[36mUser Create (39.2ms)[0m  [1m[32mINSERT INTO "users" ("name", "email", "created_at", "updated_at", "password_digest", "activation_digest", "activated", "activated_at") VALUES (?, ?, ?, ?, ?, ?, ?, ?)[0m  [["name", "Sylvester Koelpin"], ["email", "example-66@railstutorial.org"], ["created_at", "2022-07-24 08:03:00.453303"], ["updated_at", "2022-07-24 08:03:00.453303"], ["password_digest", "$2a$12$jBSR9d4PWTzjuNZur3ZHvOtcy4vDQSrUBgHkt84D4o/TZM9cZsMW6"], ["activation_digest", "$2a$12$Zj3DJua.sqylXf9AL50ZsOE/9GdMb6P9tWB6wgpa./XRb2LwAzTLm"], ["activated", 1], ["activated_at", "2022-07-24 08:02:53.896195"]]
  [1m[35m (79.8ms)[0m  [1m[36mcommit transaction[0m
  [1m[35m (0.1ms)[0m  [1m[36mbegin transaction[0m
  [1m[36mUser Exists? (0.2ms)[0m  [1m[34mSELECT 1 AS one FROM "users" WHERE LOWER("users"."email") = LOWER(?) LIMIT ?[0m  [["email", "example-67@railstutorial.org"], ["LIMIT", 1]]
  [1m[36mUser Create (38.7ms)[0m  [1m[32mINSERT INTO "users" ("name", "email", "created_at", "updated_at", "password_digest", "activation_digest", "activated", "activated_at") VALUES (?, ?, ?, ?, ?, ?, ?, ?)[0m  [["name", "Jospeh Little"], ["email", "example-67@railstutorial.org"], ["created_at", "2022-07-24 08:03:13.552938"], ["updated_at", "2022-07-24 08:03:13.552938"], ["password_digest", "$2a$12$kaem2hG380CTi5rEPvT3Kukqh13Pe29KW3IQ3LtCKOsHiqayFKGOi"], ["activation_digest", "$2a$12$kAojJAYw/S2gz0JQjkIi6eM45BgLFckBHujDY5k4oZ/iWIPytqOlC"], ["activated", 1], ["activated_at", "2022-07-24 08:03:07.249734"]]
  [1m[35m (79.6ms)[0m  [1m[36mcommit transaction[0m
  [1m[35m (0.1ms)[0m  [1m[36mbegin transaction[0m
  [1m[36mUser Exists? (0.2ms)[0m  [1m[34mSELECT 1 AS one FROM "users" WHERE LOWER("users"."email") = LOWER(?) LIMIT ?[0m  [["email", "example-68@railstutorial.org"], ["LIMIT", 1]]
  [1m[36mUser Create (40.2ms)[0m  [1m[32mINSERT INTO "users" ("name", "email", "created_at", "updated_at", "password_digest", "activation_digest", "activated", "activated_at") VALUES (?, ?, ?, ?, ?, ?, ?, ?)[0m  [["name", "Amb. Cruz Hills"], ["email", "example-68@railstutorial.org"], ["created_at", "2022-07-24 08:03:26.284709"], ["updated_at", "2022-07-24 08:03:26.284709"], ["password_digest", "$2a$12$4G3yaZ.dh2jOkyQxKajlb.l2TPrzL0ZxuH417Z5ehtbwYx.DpD6o."], ["activation_digest", "$2a$12$FRvyT/zk4wPANDfJVXd2ReimPGPdVsdDOyn44QsXozb2N/InfCN8K"], ["activated", 1], ["activated_at", "2022-07-24 08:03:19.895523"]]
  [1m[35m (79.8ms)[0m  [1m[36mcommit transaction[0m
  [1m[35m (0.1ms)[0m  [1m[36mbegin transaction[0m
  [1m[36mUser Exists? (0.2ms)[0m  [1m[34mSELECT 1 AS one FROM "users" WHERE LOWER("users"."email") = LOWER(?) LIMIT ?[0m  [["email", "example-69@railstutorial.org"], ["LIMIT", 1]]
  [1m[36mUser Create (38.0ms)[0m  [1m[32mINSERT INTO "users" ("name", "email", "created_at", "updated_at", "password_digest", "activation_digest", "activated", "activated_at") VALUES (?, ?, ?, ?, ?, ?, ?, ?)[0m  [["name", "Gracie Rippin Sr."], ["email", "example-69@railstutorial.org"], ["created_at", "2022-07-24 08:03:39.068595"], ["updated_at", "2022-07-24 08:03:39.068595"], ["password_digest", "$2a$12$/Nakyls1k6mK1N3V1XCmzehZx1VDGL9oXP6snFv8vNdSQZvY4o/Kq"], ["activation_digest", "$2a$12$D8v4uHXAiuh46nBqTa9nGeqEnZ5/UwbCDvTDR2BBfXmEhUuCURk32"], ["activated", 1], ["activated_at", "2022-07-24 08:03:32.628844"]]
  [1m[35m (80.0ms)[0m  [1m[36mcommit transaction[0m
  [1m[35m (0.1ms)[0m  [1m[36mbegin transaction[0m
  [1m[36mUser Exists? (0.2ms)[0m  [1m[34mSELECT 1 AS one FROM "users" WHERE LOWER("users"."email") = LOWER(?) LIMIT ?[0m  [["email", "example-70@railstutorial.org"], ["LIMIT", 1]]
  [1m[36mUser Create (39.0ms)[0m  [1m[32mINSERT INTO "users" ("name", "email", "created_at", "updated_at", "password_digest", "activation_digest", "activated", "activated_at") VALUES (?, ?, ?, ?, ?, ?, ?, ?)[0m  [["name", "Austin Wintheiser PhD"], ["email", "example-70@railstutorial.org"], ["created_at", "2022-07-24 08:03:52.682329"], ["updated_at", "2022-07-24 08:03:52.682329"], ["password_digest", "$2a$12$liFMgQfIcfySx2wnSVbL3OpO7NiiYmQL72zBM2qA5xanDahi925qm"], ["activation_digest", "$2a$12$yJTyRzWihYcJhKD1.NTWNeUjRS2erPZ2qnraBlG3JyCHZH3liGx9C"], ["activated", 1], ["activated_at", "2022-07-24 08:03:45.422325"]]
  [1m[35m (42.1ms)[0m  [1m[36mcommit transaction[0m
  [1m[35m (0.1ms)[0m  [1m[36mbegin transaction[0m
  [1m[36mUser Exists? (0.2ms)[0m  [1m[34mSELECT 1 AS one FROM "users" WHERE LOWER("users"."email") = LOWER(?) LIMIT ?[0m  [["email", "example-71@railstutorial.org"], ["LIMIT", 1]]
  [1m[36mUser Create (37.1ms)[0m  [1m[32mINSERT INTO "users" ("name", "email", "created_at", "updated_at", "password_digest", "activation_digest", "activated", "activated_at") VALUES (?, ?, ?, ?, ?, ?, ?, ?)[0m  [["name", "Elisa Hamill"], ["email", "example-71@railstutorial.org"], ["created_at", "2022-07-24 08:04:06.209535"], ["updated_at", "2022-07-24 08:04:06.209535"], ["password_digest", "$2a$12$TvlHrC1Ic3MI1yShFhT6X.HRxk0tK.JihLwJwoQuSY1.Cl1Lda41u"], ["activation_digest", "$2a$12$RksnWs/cNjM4gmFE4kkqlOmK/x6.5BNBd2oO8/vv93FWYFxXesmVi"], ["activated", 1], ["activated_at", "2022-07-24 08:03:59.235752"]]
  [1m[35m (120.3ms)[0m  [1m[36mcommit transaction[0m
  [1m[35m (0.1ms)[0m  [1m[36mbegin transaction[0m
  [1m[36mUser Exists? (0.2ms)[0m  [1m[34mSELECT 1 AS one FROM "users" WHERE LOWER("users"."email") = LOWER(?) LIMIT ?[0m  [["email", "example-72@railstutorial.org"], ["LIMIT", 1]]
  [1m[36mUser Create (40.4ms)[0m  [1m[32mINSERT INTO "users" ("name", "email", "created_at", "updated_at", "password_digest", "activation_digest", "activated", "activated_at") VALUES (?, ?, ?, ?, ?, ?, ?, ?)[0m  [["name", "Mr. Sue Hammes"], ["email", "example-72@railstutorial.org"], ["created_at", "2022-07-24 08:04:19.237640"], ["updated_at", "2022-07-24 08:04:19.237640"], ["password_digest", "$2a$12$bzsRBIaoNjRr4o.UK.uBF.TDiCqzQe1EOVy/uZ9hjgv/QwndnMHde"], ["activation_digest", "$2a$12$Xhx8pEpzu.m.4xkfaGX31eWp5dw9dRQiFZbqjnaISoJmQM5qYQlg2"], ["activated", 1], ["activated_at", "2022-07-24 08:04:12.759658"]]
  [1m[35m (83.9ms)[0m  [1m[36mcommit transaction[0m
  [1m[35m (0.1ms)[0m  [1m[36mbegin transaction[0m
  [1m[36mUser Exists? (0.2ms)[0m  [1m[34mSELECT 1 AS one FROM "users" WHERE LOWER("users"."email") = LOWER(?) LIMIT ?[0m  [["email", "example-73@railstutorial.org"], ["LIMIT", 1]]
  [1m[36mUser Create (37.2ms)[0m  [1m[32mINSERT INTO "users" ("name", "email", "created_at", "updated_at", "password_digest", "activation_digest", "activated", "activated_at") VALUES (?, ?, ?, ?, ?, ?, ?, ?)[0m  [["name", "Chadwick Runolfsdottir"], ["email", "example-73@railstutorial.org"], ["created_at", "2022-07-24 08:04:32.154033"], ["updated_at", "2022-07-24 08:04:32.154033"], ["password_digest", "$2a$12$m22kRo018dVgipHRblOQsOSpvJrVtniQyqXmmBC8jObzRcPPTztJO"], ["activation_digest", "$2a$12$.Lv.ilUW7ZSMliltzfScG.JRAucouPk0tc08EE8NinDtRLgX1gwV2"], ["activated", 1], ["activated_at", "2022-07-24 08:04:25.804263"]]
  [1m[35m (41.4ms)[0m  [1m[36mcommit transaction[0m
  [1m[35m (0.1ms)[0m  [1m[36mbegin transaction[0m
  [1m[36mUser Exists? (0.2ms)[0m  [1m[34mSELECT 1 AS one FROM "users" WHERE LOWER("users"."email") = LOWER(?) LIMIT ?[0m  [["email", "example-74@railstutorial.org"], ["LIMIT", 1]]
  [1m[36mUser Create (39.1ms)[0m  [1m[32mINSERT INTO "users" ("name", "email", "created_at", "updated_at", "password_digest", "activation_digest", "activated", "activated_at") VALUES (?, ?, ?, ?, ?, ?, ?, ?)[0m  [["name", "Rey Heller"], ["email", "example-74@railstutorial.org"], ["created_at", "2022-07-24 08:04:44.888735"], ["updated_at", "2022-07-24 08:04:44.888735"], ["password_digest", "$2a$12$18VMhliWGdl3.8whSzLSKegoZWiqm4VOeDqwosyB56CfGzn8w97p."], ["activation_digest", "$2a$12$39GfNDOKVwcE4wytKj8oa.vO5vnP2sgPrVJDXSf8NX4SdZ7MnHo9a"], ["activated", 1], ["activated_at", "2022-07-24 08:04:38.458425"]]
  [1m[35m (79.5ms)[0m  [1m[36mcommit transaction[0m
  [1m[35m (0.1ms)[0m  [1m[36mbegin transaction[0m
  [1m[36mUser Exists? (0.2ms)[0m  [1m[34mSELECT 1 AS one FROM "users" WHERE LOWER("users"."email") = LOWER(?) LIMIT ?[0m  [["email", "example-75@railstutorial.org"], ["LIMIT", 1]]
  [1m[36mUser Create (37.2ms)[0m  [1m[32mINSERT INTO "users" ("name", "email", "created_at", "updated_at", "password_digest", "activation_digest", "activated", "activated_at") VALUES (?, ?, ?, ?, ?, ?, ?, ?)[0m  [["name", "Myung Cassin"], ["email", "example-75@railstutorial.org"], ["created_at", "2022-07-24 08:04:57.555528"], ["updated_at", "2022-07-24 08:04:57.555528"], ["password_digest", "$2a$12$0HhQxdMLWi7T4qgxfWbfBOnPQNQF3M6aECjMQT6QDYZ3M7krfLfLm"], ["activation_digest", "$2a$12$mz4VDZSneA4X57fdj7oZfe/GCAhV6kzp2Pq3xKRwG1DF5wSsxdz62"], ["activated", 1], ["activated_at", "2022-07-24 08:04:51.241319"]]
  [1m[35m (120.2ms)[0m  [1m[36mcommit transaction[0m
  [1m[35m (0.1ms)[0m  [1m[36mbegin transaction[0m
  [1m[36mUser Exists? (0.2ms)[0m  [1m[34mSELECT 1 AS one FROM "users" WHERE LOWER("users"."email") = LOWER(?) LIMIT ?[0m  [["email", "example-76@railstutorial.org"], ["LIMIT", 1]]
  [1m[36mUser Create (38.3ms)[0m  [1m[32mINSERT INTO "users" ("name", "email", "created_at", "updated_at", "password_digest", "activation_digest", "activated", "activated_at") VALUES (?, ?, ?, ?, ?, ?, ?, ?)[0m  [["name", "Etha Altenwerth"], ["email", "example-76@railstutorial.org"], ["created_at", "2022-07-24 08:05:10.864516"], ["updated_at", "2022-07-24 08:05:10.864516"], ["password_digest", "$2a$12$95UZ0wRxD22lMLr38CpUyO/96aKLcXirDSvwyGDVKuqNfPDjiPA1a"], ["activation_digest", "$2a$12$1MzWNnYXCMZrdpGCODoP9OZO.HtHe0ZZX3AGMC7c2tyNmc5xV1/D6"], ["activated", 1], ["activated_at", "2022-07-24 08:05:04.475771"]]
  [1m[35m (80.0ms)[0m  [1m[36mcommit transaction[0m
  [1m[35m (0.1ms)[0m  [1m[36mbegin transaction[0m
  [1m[36mUser Exists? (0.2ms)[0m  [1m[34mSELECT 1 AS one FROM "users" WHERE LOWER("users"."email") = LOWER(?) LIMIT ?[0m  [["email", "example-77@railstutorial.org"], ["LIMIT", 1]]
  [1m[36mUser Create (39.6ms)[0m  [1m[32mINSERT INTO "users" ("name", "email", "created_at", "updated_at", "password_digest", "activation_digest", "activated", "activated_at") VALUES (?, ?, ?, ?, ?, ?, ?, ?)[0m  [["name", "Jody Mayert"], ["email", "example-77@railstutorial.org"], ["created_at", "2022-07-24 08:05:23.724156"], ["updated_at", "2022-07-24 08:05:23.724156"], ["password_digest", "$2a$12$A1uiXajZsS/5WfE5dgOaN.muvMIDuBRYNXcXNDhNzYxdPRPTpSe5m"], ["activation_digest", "$2a$12$4w59rcYaYZBgtNSKQSYJ7OzKm92pHJHohB6wy5wjjLAnhVuMPMMxe"], ["activated", 1], ["activated_at", "2022-07-24 08:05:17.414378"]]
  [1m[35m (79.6ms)[0m  [1m[36mcommit transaction[0m
  [1m[35m (0.1ms)[0m  [1m[36mbegin transaction[0m
  [1m[36mUser Exists? (0.2ms)[0m  [1m[34mSELECT 1 AS one FROM "users" WHERE LOWER("users"."email") = LOWER(?) LIMIT ?[0m  [["email", "example-78@railstutorial.org"], ["LIMIT", 1]]
  [1m[36mUser Create (37.1ms)[0m  [1m[32mINSERT INTO "users" ("name", "email", "created_at", "updated_at", "password_digest", "activation_digest", "activated", "activated_at") VALUES (?, ?, ?, ?, ?, ?, ?, ?)[0m  [["name", "Lonnie Hahn"], ["email", "example-78@railstutorial.org"], ["created_at", "2022-07-24 08:05:36.514294"], ["updated_at", "2022-07-24 08:05:36.514294"], ["password_digest", "$2a$12$pZ5YlfE7Y2xsn6Eb8O.8keC0imJznPq2z7PXNDEwWfK6AiPkoCo/m"], ["activation_digest", "$2a$12$7PHvIukWX2oynKLGp3CF9.NOPnORbEpB0LGVNgghXTTdncd0pm2Py"], ["activated", 1], ["activated_at", "2022-07-24 08:05:30.159051"]]
  [1m[35m (41.2ms)[0m  [1m[36mcommit transaction[0m
  [1m[35m (0.1ms)[0m  [1m[36mbegin transaction[0m
  [1m[36mUser Exists? (0.3ms)[0m  [1m[34mSELECT 1 AS one FROM "users" WHERE LOWER("users"."email") = LOWER(?) LIMIT ?[0m  [["email", "example-79@railstutorial.org"], ["LIMIT", 1]]
  [1m[36mUser Create (37.3ms)[0m  [1m[32mINSERT INTO "users" ("name", "email", "created_at", "updated_at", "password_digest", "activation_digest", "activated", "activated_at") VALUES (?, ?, ?, ?, ?, ?, ?, ?)[0m  [["name", "Dr. Brittany Prosacco"], ["email", "example-79@railstutorial.org"], ["created_at", "2022-07-24 08:05:49.263406"], ["updated_at", "2022-07-24 08:05:49.263406"], ["password_digest", "$2a$12$d2yyDiuCZRdl.EUxn386uOdElsAKheObksf.l1YYscE66QHHAUNUm"], ["activation_digest", "$2a$12$hYBuUwxjKm3o7uV8wUOgT.IHvgvJlRhrblFJ9wLn.W3/wLQSHeIAq"], ["activated", 1], ["activated_at", "2022-07-24 08:05:42.827608"]]
  [1m[35m (41.2ms)[0m  [1m[36mcommit transaction[0m
  [1m[35m (0.1ms)[0m  [1m[36mbegin transaction[0m
  [1m[36mUser Exists? (0.4ms)[0m  [1m[34mSELECT 1 AS one FROM "users" WHERE LOWER("users"."email") = LOWER(?) LIMIT ?[0m  [["email", "example-80@railstutorial.org"], ["LIMIT", 1]]
  [1m[36mUser Create (37.5ms)[0m  [1m[32mINSERT INTO "users" ("name", "email", "created_at", "updated_at", "password_digest", "activation_digest", "activated", "activated_at") VALUES (?, ?, ?, ?, ?, ?, ?, ?)[0m  [["name", "Deedra Hodkiewicz"], ["email", "example-80@railstutorial.org"], ["created_at", "2022-07-24 08:06:02.730880"], ["updated_at", "2022-07-24 08:06:02.730880"], ["password_digest", "$2a$12$iFipLwRUVV8LufBbGn0abOeZ1l9OMhrP2CqhOfLL3HQB3o4uktMXS"], ["activation_digest", "$2a$12$Ck6bgMMkm2yNEBQO4ay1d.vq2O3f8cXNWzbU59PLlQz/6UZCZtmmS"], ["activated", 1], ["activated_at", "2022-07-24 08:05:55.614998"]]
  [1m[35m (79.8ms)[0m  [1m[36mcommit transaction[0m
  [1m[35m (0.1ms)[0m  [1m[36mbegin transaction[0m
  [1m[36mUser Exists? (0.2ms)[0m  [1m[34mSELECT 1 AS one FROM "users" WHERE LOWER("users"."email") = LOWER(?) LIMIT ?[0m  [["email", "example-81@railstutorial.org"], ["LIMIT", 1]]
  [1m[36mUser Create (37.8ms)[0m  [1m[32mINSERT INTO "users" ("name", "email", "created_at", "updated_at", "password_digest", "activation_digest", "activated", "activated_at") VALUES (?, ?, ?, ?, ?, ?, ?, ?)[0m  [["name", "Tim Brown"], ["email", "example-81@railstutorial.org"], ["created_at", "2022-07-24 08:06:17.626029"], ["updated_at", "2022-07-24 08:06:17.626029"], ["password_digest", "$2a$12$Z36FuwDC2j9IdBs/eaKL/OsDRhAcGKTDSFWNTDKXSNfZeUIxLVA7C"], ["activation_digest", "$2a$12$UMq3aR0rL3ztRMyxF.kxcOQBDteaEW9N.oVRWpfWevDDUCP6U8y0a"], ["activated", 1], ["activated_at", "2022-07-24 08:06:11.238360"]]
  [1m[35m (41.1ms)[0m  [1m[36mcommit transaction[0m
  [1m[35m (0.1ms)[0m  [1m[36mbegin transaction[0m
  [1m[36mUser Exists? (0.2ms)[0m  [1m[34mSELECT 1 AS one FROM "users" WHERE LOWER("users"."email") = LOWER(?) LIMIT ?[0m  [["email", "example-82@railstutorial.org"], ["LIMIT", 1]]
  [1m[36mUser Create (40.2ms)[0m  [1m[32mINSERT INTO "users" ("name", "email", "created_at", "updated_at", "password_digest", "activation_digest", "activated", "activated_at") VALUES (?, ?, ?, ?, ?, ?, ?, ?)[0m  [["name", "Camilla McKenzie"], ["email", "example-82@railstutorial.org"], ["created_at", "2022-07-24 08:06:30.240080"], ["updated_at", "2022-07-24 08:06:30.240080"], ["password_digest", "$2a$12$wc3241ODBT2YGLgJ/17FxeDB4J5EHPfTMlqKr1nNcbGe36dp32njy"], ["activation_digest", "$2a$12$GrxQqlHn9Hsp.IzV7dO0meEn.wY6TKQPm.yktW6v2k2JoTK2Jo0qC"], ["activated", 1], ["activated_at", "2022-07-24 08:06:23.892179"]]
  [1m[35m (79.6ms)[0m  [1m[36mcommit transaction[0m
  [1m[35m (0.1ms)[0m  [1m[36mbegin transaction[0m
  [1m[36mUser Exists? (0.2ms)[0m  [1m[34mSELECT 1 AS one FROM "users" WHERE LOWER("users"."email") = LOWER(?) LIMIT ?[0m  [["email", "example-83@railstutorial.org"], ["LIMIT", 1]]
  [1m[36mUser Create (77.5ms)[0m  [1m[32mINSERT INTO "users" ("name", "email", "created_at", "updated_at", "password_digest", "activation_digest", "activated", "activated_at") VALUES (?, ?, ?, ?, ?, ?, ?, ?)[0m  [["name", "Carl Dare"], ["email", "example-83@railstutorial.org"], ["created_at", "2022-07-24 08:06:43.255010"], ["updated_at", "2022-07-24 08:06:43.255010"], ["password_digest", "$2a$12$SYavLbvcYqskJwwNuIy7LuKgfoUhmKz8vmZ5eu6Wde03fh.B4cLF6"], ["activation_digest", "$2a$12$4SWSI/tYYCZjMIo0uRVGm.JyXAPnj0Aad0p.u4bsMFL1HWNj3ziUO"], ["activated", 1], ["activated_at", "2022-07-24 08:06:36.827679"]]
  [1m[35m (41.3ms)[0m  [1m[36mcommit transaction[0m
  [1m[35m (0.1ms)[0m  [1m[36mbegin transaction[0m
  [1m[36mUser Exists? (0.2ms)[0m  [1m[34mSELECT 1 AS one FROM "users" WHERE LOWER("users"."email") = LOWER(?) LIMIT ?[0m  [["email", "example-84@railstutorial.org"], ["LIMIT", 1]]
  [1m[36mUser Create (118.0ms)[0m  [1m[32mINSERT INTO "users" ("name", "email", "created_at", "updated_at", "password_digest", "activation_digest", "activated", "activated_at") VALUES (?, ?, ?, ?, ?, ?, ?, ?)[0m  [["name", "Eli Mante"], ["email", "example-84@railstutorial.org"], ["created_at", "2022-07-24 08:06:56.029851"], ["updated_at", "2022-07-24 08:06:56.029851"], ["password_digest", "$2a$12$Fwfzrw5sHdMxN5FYysywE.2jqpYgjO2L0HUGqtJZpQQvRd56y6ESu"], ["activation_digest", "$2a$12$bm8yIlPiWXpaOxgaoWqvde1YjI1u5P0BSL4jY8XXELhv6ZDWYZu02"], ["activated", 1], ["activated_at", "2022-07-24 08:06:49.601401"]]
  [1m[35m (83.8ms)[0m  [1m[36mcommit transaction[0m
  [1m[35m (0.1ms)[0m  [1m[36mbegin transaction[0m
  [1m[36mUser Exists? (0.2ms)[0m  [1m[34mSELECT 1 AS one FROM "users" WHERE LOWER("users"."email") = LOWER(?) LIMIT ?[0m  [["email", "example-85@railstutorial.org"], ["LIMIT", 1]]
  [1m[36mUser Create (44.1ms)[0m  [1m[32mINSERT INTO "users" ("name", "email", "created_at", "updated_at", "password_digest", "activation_digest", "activated", "activated_at") VALUES (?, ?, ?, ?, ?, ?, ?, ?)[0m  [["name", "Felice Turcotte"], ["email", "example-85@railstutorial.org"], ["created_at", "2022-07-24 08:07:09.378774"], ["updated_at", "2022-07-24 08:07:09.378774"], ["password_digest", "$2a$12$xjxJMnhgTHiF46nylQUJmuQjtreiHSf.6JYdmGV6v7Bge7KbSSzfW"], ["activation_digest", "$2a$12$lRySro58XoNIeLw8NxcLJuHf4kstzN9VDfCVZePj7tF51X/OjtN4q"], ["activated", 1], ["activated_at", "2022-07-24 08:07:02.833238"]]
  [1m[35m (79.7ms)[0m  [1m[36mcommit transaction[0m
  [1m[35m (0.1ms)[0m  [1m[36mbegin transaction[0m
  [1m[36mUser Exists? (0.2ms)[0m  [1m[34mSELECT 1 AS one FROM "users" WHERE LOWER("users"."email") = LOWER(?) LIMIT ?[0m  [["email", "example-86@railstutorial.org"], ["LIMIT", 1]]
  [1m[36mUser Create (37.8ms)[0m  [1m[32mINSERT INTO "users" ("name", "email", "created_at", "updated_at", "password_digest", "activation_digest", "activated", "activated_at") VALUES (?, ?, ?, ?, ?, ?, ?, ?)[0m  [["name", "Pat Kozey"], ["email", "example-86@railstutorial.org"], ["created_at", "2022-07-24 08:07:22.122675"], ["updated_at", "2022-07-24 08:07:22.122675"], ["password_digest", "$2a$12$aYMHASZnAxdJ6YQAgzTPP.2ed2qeN1KcP9DcsYbqbB4Gp8p/97no6"], ["activation_digest", "$2a$12$mdDXPhsk.HCQiD17ySmLk.cfmi65s5GNjIS8iJOn10X9hLefuMrAG"], ["activated", 1], ["activated_at", "2022-07-24 08:07:15.728366"]]
  [1m[35m (119.4ms)[0m  [1m[36mcommit transaction[0m
  [1m[35m (0.1ms)[0m  [1m[36mbegin transaction[0m
  [1m[36mUser Exists? (0.2ms)[0m  [1m[34mSELECT 1 AS one FROM "users" WHERE LOWER("users"."email") = LOWER(?) LIMIT ?[0m  [["email", "example-87@railstutorial.org"], ["LIMIT", 1]]
  [1m[36mUser Create (38.5ms)[0m  [1m[32mINSERT INTO "users" ("name", "email", "created_at", "updated_at", "password_digest", "activation_digest", "activated", "activated_at") VALUES (?, ?, ?, ?, ?, ?, ?, ?)[0m  [["name", "Roxane Dickens"], ["email", "example-87@railstutorial.org"], ["created_at", "2022-07-24 08:07:35.245038"], ["updated_at", "2022-07-24 08:07:35.245038"], ["password_digest", "$2a$12$j2ekL7jmhQ6tIyP81HD1buCIpgIfrzuhDSpB8eqvwgvpniPDYkzKq"], ["activation_digest", "$2a$12$udjS1cSSdQ0CoDZMrbHeEOYidHbMiVDMjFSW4tvS1IL4afXNW7uhC"], ["activated", 1], ["activated_at", "2022-07-24 08:07:28.967346"]]
  [1m[35m (83.8ms)[0m  [1m[36mcommit transaction[0m
  [1m[35m (0.1ms)[0m  [1m[36mbegin transaction[0m
  [1m[36mUser Exists? (0.2ms)[0m  [1m[34mSELECT 1 AS one FROM "users" WHERE LOWER("users"."email") = LOWER(?) LIMIT ?[0m  [["email", "example-88@railstutorial.org"], ["LIMIT", 1]]
  [1m[36mUser Create (38.0ms)[0m  [1m[32mINSERT INTO "users" ("name", "email", "created_at", "updated_at", "password_digest", "activation_digest", "activated", "activated_at") VALUES (?, ?, ?, ?, ?, ?, ?, ?)[0m  [["name", "Curtis McDermott IV"], ["email", "example-88@railstutorial.org"], ["created_at", "2022-07-24 08:07:48.027921"], ["updated_at", "2022-07-24 08:07:48.027921"], ["password_digest", "$2a$12$fSiHFshmLslZphOIIKhu9ewuNEqeOsKYaalodqDPJa8b/xeIOaRUe"], ["activation_digest", "$2a$12$TrS0SNOG1hm17fjz/fo69uJ4Qv.cuQDL0Zywwn6kCcW3Iuk4mlNUe"], ["activated", 1], ["activated_at", "2022-07-24 08:07:41.712453"]]
  [1m[35m (79.9ms)[0m  [1m[36mcommit transaction[0m
  [1m[35m (0.1ms)[0m  [1m[36mbegin transaction[0m
  [1m[36mUser Exists? (0.2ms)[0m  [1m[34mSELECT 1 AS one FROM "users" WHERE LOWER("users"."email") = LOWER(?) LIMIT ?[0m  [["email", "example-89@railstutorial.org"], ["LIMIT", 1]]
  [1m[36mUser Create (37.9ms)[0m  [1m[32mINSERT INTO "users" ("name", "email", "created_at", "updated_at", "password_digest", "activation_digest", "activated", "activated_at") VALUES (?, ?, ?, ?, ?, ?, ?, ?)[0m  [["name", "Danna Skiles"], ["email", "example-89@railstutorial.org"], ["created_at", "2022-07-24 08:08:00.848539"], ["updated_at", "2022-07-24 08:08:00.848539"], ["password_digest", "$2a$12$XpXh5M1GfhDJKwVb4TuV3.UsEqWDBwebHAjfkjMXshVDZM/3Xwe5S"], ["activation_digest", "$2a$12$/CeJ1eCQReyie6WIs3.HNu.3WG/z6PTt7I5bmMhiZbsQy6nDM4hBW"], ["activated", 1], ["activated_at", "2022-07-24 08:07:54.418371"]]
  [1m[35m (83.9ms)[0m  [1m[36mcommit transaction[0m
  [1m[35m (0.1ms)[0m  [1m[36mbegin transaction[0m
  [1m[36mUser Exists? (0.2ms)[0m  [1m[34mSELECT 1 AS one FROM "users" WHERE LOWER("users"."email") = LOWER(?) LIMIT ?[0m  [["email", "example-90@railstutorial.org"], ["LIMIT", 1]]
  [1m[36mUser Create (38.6ms)[0m  [1m[32mINSERT INTO "users" ("name", "email", "created_at", "updated_at", "password_digest", "activation_digest", "activated", "activated_at") VALUES (?, ?, ?, ?, ?, ?, ?, ?)[0m  [["name", "Miss Ciara Stracke"], ["email", "example-90@railstutorial.org"], ["created_at", "2022-07-24 08:08:16.868920"], ["updated_at", "2022-07-24 08:08:16.868920"], ["password_digest", "$2a$12$MC9B6jTedXpWU4jRdO6a6eM4jIlXGzU1Z7RXfb27i5GuVsCE6LjN6"], ["activation_digest", "$2a$12$8cfT8wgJObPSza9j1NwK.uVYpI5MqtQGcQkMAfmYBqlEiiC53itPG"], ["activated", 1], ["activated_at", "2022-07-24 08:08:10.515287"]]
  [1m[35m (79.5ms)[0m  [1m[36mcommit transaction[0m
  [1m[35m (0.1ms)[0m  [1m[36mbegin transaction[0m
  [1m[36mUser Exists? (0.2ms)[0m  [1m[34mSELECT 1 AS one FROM "users" WHERE LOWER("users"."email") = LOWER(?) LIMIT ?[0m  [["email", "example-91@railstutorial.org"], ["LIMIT", 1]]
  [1m[36mUser Create (37.1ms)[0m  [1m[32mINSERT INTO "users" ("name", "email", "created_at", "updated_at", "password_digest", "activation_digest", "activated", "activated_at") VALUES (?, ?, ?, ?, ?, ?, ?, ?)[0m  [["name", "Deidre Hackett MD"], ["email", "example-91@railstutorial.org"], ["created_at", "2022-07-24 08:08:29.616922"], ["updated_at", "2022-07-24 08:08:29.616922"], ["password_digest", "$2a$12$s8rhGy5u16oHsodazaqUuOVf1z75SgCPA7UmsGBpq.IZGRxbGsUOy"], ["activation_digest", "$2a$12$Mz6DHZB5ZTIx9n6MCEsapOoSxOLV7.DCky.kH964LWPSmhRv.E8NK"], ["activated", 1], ["activated_at", "2022-07-24 08:08:23.185536"]]
  [1m[35m (41.1ms)[0m  [1m[36mcommit transaction[0m
  [1m[35m (0.1ms)[0m  [1m[36mbegin transaction[0m
  [1m[36mUser Exists? (0.2ms)[0m  [1m[34mSELECT 1 AS one FROM "users" WHERE LOWER("users"."email") = LOWER(?) LIMIT ?[0m  [["email", "example-92@railstutorial.org"], ["LIMIT", 1]]
  [1m[36mUser Create (39.9ms)[0m  [1m[32mINSERT INTO "users" ("name", "email", "created_at", "updated_at", "password_digest", "activation_digest", "activated", "activated_at") VALUES (?, ?, ?, ?, ?, ?, ?, ?)[0m  [["name", "Eldridge Satterfield"], ["email", "example-92@railstutorial.org"], ["created_at", "2022-07-24 08:08:42.334047"], ["updated_at", "2022-07-24 08:08:42.334047"], ["password_digest", "$2a$12$vipmVEan.AmlZsrpg7mAzuuMDj0oZeFuSPeyAjH9fGVA.J62Qe95W"], ["activation_digest", "$2a$12$oJKV0CtabPDKBLTzk9y5KOJTYH.cB3jbSdBNziglmkbMS03o8B4uy"], ["activated", 1], ["activated_at", "2022-07-24 08:08:36.099446"]]
  [1m[35m (79.6ms)[0m  [1m[36mcommit transaction[0m
  [1m[35m (0.1ms)[0m  [1m[36mbegin transaction[0m
  [1m[36mUser Exists? (0.2ms)[0m  [1m[34mSELECT 1 AS one FROM "users" WHERE LOWER("users"."email") = LOWER(?) LIMIT ?[0m  [["email", "example-93@railstutorial.org"], ["LIMIT", 1]]
  [1m[36mUser Create (37.9ms)[0m  [1m[32mINSERT INTO "users" ("name", "email", "created_at", "updated_at", "password_digest", "activation_digest", "activated", "activated_at") VALUES (?, ?, ?, ?, ?, ?, ?, ?)[0m  [["name", "The Hon. Tonie Hand"], ["email", "example-93@railstutorial.org"], ["created_at", "2022-07-24 08:08:55.376774"], ["updated_at", "2022-07-24 08:08:55.376774"], ["password_digest", "$2a$12$bIeBFri95S0bydJXtRsMoe/wZ4BOI3.jADGahX22k9tLvNDpJ8Gjm"], ["activation_digest", "$2a$12$93Y.WKzzCpEyGxtmLdGYwejLIy7FGExEs4qb274tniPqEfhku33LG"], ["activated", 1], ["activated_at", "2022-07-24 08:08:48.978425"]]
  [1m[35m (41.9ms)[0m  [1m[36mcommit transaction[0m
  [1m[35m (0.1ms)[0m  [1m[36mbegin transaction[0m
  [1m[36mUser Exists? (0.2ms)[0m  [1m[34mSELECT 1 AS one FROM "users" WHERE LOWER("users"."email") = LOWER(?) LIMIT ?[0m  [["email", "example-94@railstutorial.org"], ["LIMIT", 1]]
  [1m[36mUser Create (80.4ms)[0m  [1m[32mINSERT INTO "users" ("name", "email", "created_at", "updated_at", "password_digest", "activation_digest", "activated", "activated_at") VALUES (?, ?, ?, ?, ?, ?, ?, ?)[0m  [["name", "Kenia Fisher"], ["email", "example-94@railstutorial.org"], ["created_at", "2022-07-24 08:09:10.699193"], ["updated_at", "2022-07-24 08:09:10.699193"], ["password_digest", "$2a$12$1X3qPnOS.2sX4OxaMOTXRu7LO18Fe.KwPLmNZaqvMiE5zk6MJW08q"], ["activation_digest", "$2a$12$6TXpRL/OznlFc2G//UEts.PvfVs0f4OR/WN9qj8pEoYzY5CmwKzP."], ["activated", 1], ["activated_at", "2022-07-24 08:09:03.162318"]]
  [1m[35m (79.1ms)[0m  [1m[36mcommit transaction[0m
  [1m[35m (0.1ms)[0m  [1m[36mbegin transaction[0m
  [1m[36mUser Exists? (0.2ms)[0m  [1m[34mSELECT 1 AS one FROM "users" WHERE LOWER("users"."email") = LOWER(?) LIMIT ?[0m  [["email", "example-95@railstutorial.org"], ["LIMIT", 1]]
  [1m[36mUser Create (37.6ms)[0m  [1m[32mINSERT INTO "users" ("name", "email", "created_at", "updated_at", "password_digest", "activation_digest", "activated", "activated_at") VALUES (?, ?, ?, ?, ?, ?, ?, ?)[0m  [["name", "Karl Will"], ["email", "example-95@railstutorial.org"], ["created_at", "2022-07-24 08:09:27.542663"], ["updated_at", "2022-07-24 08:09:27.542663"], ["password_digest", "$2a$12$sAMSHThifut3AgDTeOQXpe.dUTodv64HmjVNKIM0yI9bOlIrQvX92"], ["activation_digest", "$2a$12$AB7nRMxVemp9SwA08DPrGu61Hgn..yXufVv3pd6vUfkQsi3DJKiBW"], ["activated", 1], ["activated_at", "2022-07-24 08:09:19.629887"]]
  [1m[35m (79.9ms)[0m  [1m[36mcommit transaction[0m
  [1m[35m (0.1ms)[0m  [1m[36mbegin transaction[0m
  [1m[36mUser Exists? (0.2ms)[0m  [1m[34mSELECT 1 AS one FROM "users" WHERE LOWER("users"."email") = LOWER(?) LIMIT ?[0m  [["email", "example-96@railstutorial.org"], ["LIMIT", 1]]
  [1m[36mUser Create (37.9ms)[0m  [1m[32mINSERT INTO "users" ("name", "email", "created_at", "updated_at", "password_digest", "activation_digest", "activated", "activated_at") VALUES (?, ?, ?, ?, ?, ?, ?, ?)[0m  [["name", "Drucilla Schoen"], ["email", "example-96@railstutorial.org"], ["created_at", "2022-07-24 08:09:40.084845"], ["updated_at", "2022-07-24 08:09:40.084845"], ["password_digest", "$2a$12$T0A6aTvmv.dfuATM3WYDxuyEpzOWPQ.sfZQhRTqY.EOSYsygYmQQ2"], ["activation_digest", "$2a$12$43SSUyoiCU2Tslkdzkt.yu/retzLs4rb9N95irW97ui4HrRVXXKBG"], ["activated", 1], ["activated_at", "2022-07-24 08:09:33.812474"]]
  [1m[35m (120.5ms)[0m  [1m[36mcommit transaction[0m
  [1m[35m (0.1ms)[0m  [1m[36mbegin transaction[0m
  [1m[36mUser Exists? (0.2ms)[0m  [1m[34mSELECT 1 AS one FROM "users" WHERE LOWER("users"."email") = LOWER(?) LIMIT ?[0m  [["email", "example-97@railstutorial.org"], ["LIMIT", 1]]
  [1m[36mUser Create (40.0ms)[0m  [1m[32mINSERT INTO "users" ("name", "email", "created_at", "updated_at", "password_digest", "activation_digest", "activated", "activated_at") VALUES (?, ?, ?, ?, ?, ?, ?, ?)[0m  [["name", "Stacey Botsford"], ["email", "example-97@railstutorial.org"], ["created_at", "2022-07-24 08:09:52.992978"], ["updated_at", "2022-07-24 08:09:52.992978"], ["password_digest", "$2a$12$VdWJlFnyA3NOAoyLvvK5oOQsXBdNV1cHE5EPChe1QWmoGdMpgct7."], ["activation_digest", "$2a$12$/G5HTwgr.Vu12l8DF70QquiD95.5bZ0ZEYRVUf8ncGfp9gHYCcWei"], ["activated", 1], ["activated_at", "2022-07-24 08:09:46.516555"]]
  [1m[35m (79.8ms)[0m  [1m[36mcommit transaction[0m
  [1m[35m (0.1ms)[0m  [1m[36mbegin transaction[0m
  [1m[36mUser Exists? (0.2ms)[0m  [1m[34mSELECT 1 AS one FROM "users" WHERE LOWER("users"."email") = LOWER(?) LIMIT ?[0m  [["email", "example-98@railstutorial.org"], ["LIMIT", 1]]
  [1m[36mUser Create (4.0ms)[0m  [1m[32mINSERT INTO "users" ("name", "email", "created_at", "updated_at", "password_digest", "activation_digest", "activated", "activated_at") VALUES (?, ?, ?, ?, ?, ?, ?, ?)[0m  [["name", "Dr. Kami Denesik"], ["email", "example-98@railstutorial.org"], ["created_at", "2022-07-24 08:10:05.451114"], ["updated_at", "2022-07-24 08:10:05.451114"], ["password_digest", "$2a$12$hhLHvsB.Vq4GKK8A5d51tuDiIwvHZDKWF9s2vEeZbd3ScAINYH0g6"], ["activation_digest", "$2a$12$Tfj8wEVWocO4ak8/JB9ekOau/MyeVlztioG/Im4sYxgIkGKA03x1y"], ["activated", 1], ["activated_at", "2022-07-24 08:09:59.311638"]]
  [1m[35m (13.6ms)[0m  [1m[36mcommit transaction[0m
  [1m[35m (0.1ms)[0m  [1m[36mbegin transaction[0m
  [1m[36mUser Exists? (0.2ms)[0m  [1m[34mSELECT 1 AS one FROM "users" WHERE LOWER("users"."email") = LOWER(?) LIMIT ?[0m  [["email", "example-99@railstutorial.org"], ["LIMIT", 1]]
  [1m[36mUser Create (4.3ms)[0m  [1m[32mINSERT INTO "users" ("name", "email", "created_at", "updated_at", "password_digest", "activation_digest", "activated", "activated_at") VALUES (?, ?, ?, ?, ?, ?, ?, ?)[0m  [["name", "Jacqui Jones"], ["email", "example-99@railstutorial.org"], ["created_at", "2022-07-24 08:10:06.694890"], ["updated_at", "2022-07-24 08:10:06.694890"], ["password_digest", "$2a$12$ijorFMaOHazu..f6pkAz/ueeCZT7R9vUrckGE/nlZZJ8dYFg.qnSy"], ["activation_digest", "$2a$12$qjKwq26kyq9CwVceMEdjWu5MUslO5CnfEMxAHgRvPUKHZAVLEPMRu"], ["activated", 1], ["activated_at", "2022-07-24 08:10:06.075653"]]
  [1m[35m (11.1ms)[0m  [1m[36mcommit transaction[0m
  [1m[35m (1.9ms)[0m  [1m[34mSELECT sqlite_version(*)[0m
  [1m[35m (0.1ms)[0m  [1m[34mSELECT "schema_migrations"."version" FROM "schema_migrations" ORDER BY "schema_migrations"."version" ASC[0m
Migrating to CreateMicroposts (20220724145958)
  [1m[35m (0.1ms)[0m  [1m[36mbegin transaction[0m
  [1m[35m (1.1ms)[0m  [1m[35mCREATE TABLE "microposts" ("id" integer PRIMARY KEY AUTOINCREMENT NOT NULL, "content" text, "user_id" integer NOT NULL, "created_at" datetime(6) NOT NULL, "updated_at" datetime(6) NOT NULL, CONSTRAINT "fk_rails_558c81314b"
FOREIGN KEY ("user_id")
  REFERENCES "users" ("id")
)[0m
  [1m[35m (0.1ms)[0m  [1m[35mCREATE  INDEX "index_microposts_on_user_id" ON "microposts" ("user_id")[0m
  [1m[35m (0.1ms)[0m  [1m[35mCREATE  INDEX "index_microposts_on_user_id_and_created_at" ON "microposts" ("user_id", "created_at")[0m
  [1m[36mActiveRecord::SchemaMigration Create (0.2ms)[0m  [1m[32mINSERT INTO "schema_migrations" ("version") VALUES (?)[0m  [["version", "20220724145958"]]
  [1m[35m (12.8ms)[0m  [1m[36mcommit transaction[0m
  [1m[36mActiveRecord::InternalMetadata Load (0.2ms)[0m  [1m[34mSELECT "ar_internal_metadata".* FROM "ar_internal_metadata" WHERE "ar_internal_metadata"."key" = ? LIMIT ?[0m  [["key", "environment"], ["LIMIT", 1]]
  [1m[35m (0.1ms)[0m  [1m[34mSELECT sqlite_version(*)[0m
  [1m[35m (0.1ms)[0m  [1m[34mSELECT "schema_migrations"."version" FROM "schema_migrations" ORDER BY "schema_migrations"."version" ASC[0m
